2022-08-18 19:41:36,963 [INFO] Activator:177 - 


2022-08-18 19:41:36,968 [INFO] Activator:178 - !SESSION log4j initialized
2022-08-18 19:42:56,153 [INFO] McuFinderGlobals:44 - Set McuFinder mode to 2 (CubeIDE integrated)
2022-08-18 19:42:57,697 [INFO] ApplicationProperties:181 - Using Application install path: C:\ST\STM32CubeIDE_1.10.1\STM32CubeIDE\plugins\com.st.stm32cube.common.mx_6.6.1.202207061420
2022-08-18 19:42:57,733 [INFO] DbMcusXml:77 - Set database path to: C:\ST\STM32CubeIDE_1.10.1\STM32CubeIDE\plugins\com.st.stm32cube.common.mx_6.6.1.202207061420\\db\/mcu/
2022-08-18 19:42:57,734 [INFO] ApiDb:269 - Set plugin database path to: C:\ST\STM32CubeIDE_1.10.1\STM32CubeIDE\plugins\com.st.stm32cube.common.mx_6.6.1.202207061420\\db\/plugins/boardmanager/
2022-08-18 19:42:57,737 [WARN] ApiDb:254 - Overriding images path with different value:  => C:\ST\STM32CubeIDE_1.10.1\STM32CubeIDE\plugins\com.st.stm32cube.common.mx_6.6.1.202207061420\\db\/plugins/mcufinder/images/
2022-08-18 19:42:57,785 [INFO] ApiDb:249 - Set database path to: C:\Users\benjr\.stmcufinder\plugins\mcufinder//mcu/
2022-08-18 19:42:57,787 [INFO] DbMcusAds:124 - Set database path to: C:\Users\benjr\.stmcufinder\plugins\mcufinder//mcu/
2022-08-18 19:42:57,801 [INFO] CrossReferenceDbSqlite:201 - Set database path to: C:\Users\benjr\.stmcufinder\plugins\mcufinder//mcu/cs/
2022-08-18 19:42:58,057 [INFO] RulesReader:61 - Compatibility file has been processed (282 Rules)
2022-08-18 19:42:58,448 [INFO] DbMcusXml:77 - Set database path to: C:\ST\STM32CubeIDE_1.10.1\STM32CubeIDE\plugins\com.st.stm32cube.common.mx_6.6.1.202207061420\\db\/mcu/
2022-08-18 19:42:58,448 [INFO] ApiDb:269 - Set plugin database path to: C:\ST\STM32CubeIDE_1.10.1\STM32CubeIDE\plugins\com.st.stm32cube.common.mx_6.6.1.202207061420\\db\/plugins/boardmanager/
2022-08-18 19:42:58,449 [INFO] ApiDb:256 - Set plugin images path to: C:\ST\STM32CubeIDE_1.10.1\STM32CubeIDE\plugins\com.st.stm32cube.common.mx_6.6.1.202207061420\\db\/plugins/mcufinder/images/
2022-08-18 19:42:58,450 [WARN] DbFile:40 - Overriding database path with different value: C:\Users\benjr\.stmcufinder\plugins\mcufinder/ => C:\Users\benjr\.stmcufinder\plugins\mcufinder
2022-08-18 19:42:58,450 [INFO] ApiDb:249 - Set database path to: C:\Users\benjr\.stmcufinder\plugins\mcufinder//mcu/
2022-08-18 19:42:58,451 [WARN] DbFile:40 - Overriding database path with different value: C:\Users\benjr\.stmcufinder\plugins\mcufinder/ => C:\Users\benjr\.stmcufinder\plugins\mcufinder
2022-08-18 19:42:58,451 [INFO] DbMcusAds:124 - Set database path to: C:\Users\benjr\.stmcufinder\plugins\mcufinder//mcu/
2022-08-18 19:42:58,453 [WARN] DbFile:40 - Overriding database path with different value: C:\Users\benjr\.stmcufinder\plugins\mcufinder/ => C:\Users\benjr\.stmcufinder\plugins\mcufinder
2022-08-18 19:42:58,453 [WARN] DbFile:40 - Overriding database path with different value: C:\Users\benjr\.stmcufinder\plugins\mcufinder/ => C:\Users\benjr\.stmcufinder\plugins\mcufinder
2022-08-18 19:42:58,454 [INFO] CrossReferenceDbSqlite:201 - Set database path to: C:\Users\benjr\.stmcufinder\plugins\mcufinder//mcu/cs/
2022-08-18 19:42:58,783 [INFO] MainPanel:242 - HeapMemory: 268435456
2022-08-18 19:42:59,030 [INFO] DbMcusXml:77 - Set database path to: C:\ST\STM32CubeIDE_1.10.1\STM32CubeIDE\plugins\com.st.stm32cube.common.mx_6.6.1.202207061420\\db\/mcu/
2022-08-18 19:42:59,030 [INFO] ApiDb:269 - Set plugin database path to: C:\ST\STM32CubeIDE_1.10.1\STM32CubeIDE\plugins\com.st.stm32cube.common.mx_6.6.1.202207061420\\db\/plugins/boardmanager/
2022-08-18 19:42:59,030 [INFO] ApiDb:256 - Set plugin images path to: C:\ST\STM32CubeIDE_1.10.1\STM32CubeIDE\plugins\com.st.stm32cube.common.mx_6.6.1.202207061420\\db\/plugins/mcufinder/images/
2022-08-18 19:42:59,032 [WARN] DbFile:40 - Overriding database path with different value: C:\Users\benjr\.stmcufinder\plugins\mcufinder/ => C:\Users\benjr\.stmcufinder\plugins\mcufinder
2022-08-18 19:42:59,032 [INFO] ApiDb:249 - Set database path to: C:\Users\benjr\.stmcufinder\plugins\mcufinder//mcu/
2022-08-18 19:42:59,032 [WARN] DbFile:40 - Overriding database path with different value: C:\Users\benjr\.stmcufinder\plugins\mcufinder/ => C:\Users\benjr\.stmcufinder\plugins\mcufinder
2022-08-18 19:42:59,033 [INFO] DbMcusAds:124 - Set database path to: C:\Users\benjr\.stmcufinder\plugins\mcufinder//mcu/
2022-08-18 19:42:59,033 [WARN] DbFile:40 - Overriding database path with different value: C:\Users\benjr\.stmcufinder\plugins\mcufinder/ => C:\Users\benjr\.stmcufinder\plugins\mcufinder
2022-08-18 19:42:59,033 [WARN] DbFile:40 - Overriding database path with different value: C:\Users\benjr\.stmcufinder\plugins\mcufinder/ => C:\Users\benjr\.stmcufinder\plugins\mcufinder
2022-08-18 19:42:59,034 [INFO] CrossReferenceDbSqlite:201 - Set database path to: C:\Users\benjr\.stmcufinder\plugins\mcufinder//mcu/cs/
2022-08-18 19:42:59,079 [INFO] ApplicationProperties:181 - Using Application install path: C:\ST\STM32CubeIDE_1.10.1\STM32CubeIDE\plugins\com.st.stm32cube.common.mx_6.6.1.202207061420
2022-08-18 19:42:59,082 [INFO] PluginManage:193 - Search for loadable plugins [exclusion list=, ]
2022-08-18 19:42:59,086 [INFO] PluginManage:307 - Check plugin analytics
2022-08-18 19:43:04,102 [INFO] AnalyticsPlugin:262 - Accepted Software Licenses: STM32CubeMX.6.6.1
2022-08-18 19:43:04,103 [INFO] AnalyticsPlugin:264 - Accepted CMSIS Pack Licenses: 
2022-08-18 19:43:04,109 [INFO] AnalyticsPlugin:266 - Accepted Firmware Licenses: FW.F4.1.27.0
2022-08-18 19:43:04,127 [INFO] PluginManage:356 - Loaded plugin analytics (category:tool,tabindex:-1)
2022-08-18 19:43:04,128 [INFO] PluginManage:307 - Check plugin cadmodel
2022-08-18 19:43:04,167 [INFO] CADModel:65 - Init CAD model plugin
2022-08-18 19:43:04,168 [INFO] PluginManage:356 - Loaded plugin cadmodel (category:power,tabindex:5)
2022-08-18 19:43:04,168 [INFO] PluginManage:307 - Check plugin clock
2022-08-18 19:43:04,210 [INFO] PluginManage:356 - Loaded plugin clock (category:base,tabindex:2)
2022-08-18 19:43:04,210 [INFO] PluginManage:307 - Check plugin ddr
2022-08-18 19:43:04,218 [INFO] PluginManage:356 - Loaded plugin ddr (category:tool,tabindex:6)
2022-08-18 19:43:04,218 [INFO] PluginManage:307 - Check plugin filemanager
2022-08-18 19:43:04,726 [INFO] PluginManage:356 - Loaded plugin filemanager (category:base,tabindex:10)
2022-08-18 19:43:04,728 [INFO] PluginManage:307 - Check plugin ipmanager
2022-08-18 19:43:04,749 [INFO] PluginManage:356 - Loaded plugin ipmanager (category:base,tabindex:5)
2022-08-18 19:43:04,750 [INFO] PluginManage:307 - Check plugin lpbam
2022-08-18 19:43:04,799 [INFO] PluginManage:356 - Loaded plugin lpbam (category:base,tabindex:0)
2022-08-18 19:43:04,800 [INFO] PluginManage:307 - Check plugin pinoutandconfiguration
2022-08-18 19:43:04,859 [INFO] PluginManage:356 - Loaded plugin pinoutandconfiguration (category:base,tabindex:1)
2022-08-18 19:43:04,860 [INFO] PluginManage:307 - Check plugin pinoutconfig
2022-08-18 19:43:04,980 [INFO] PluginManage:356 - Loaded plugin pinoutconfig (category:base,tabindex:0)
2022-08-18 19:43:04,980 [INFO] PluginManage:307 - Check plugin power
2022-08-18 19:43:05,026 [INFO] PluginManage:356 - Loaded plugin power (category:power,tabindex:4)
2022-08-18 19:43:05,026 [INFO] PluginManage:307 - Check plugin projectmanager
2022-08-18 19:43:05,079 [INFO] PluginManage:356 - Loaded plugin projectmanager (category:projectmanager,tabindex:3)
2022-08-18 19:43:05,079 [INFO] PluginManage:307 - Check plugin thirdparty
2022-08-18 19:43:05,737 [INFO] PluginManage:356 - Loaded plugin thirdparty (category:base,tabindex:-1)
2022-08-18 19:43:05,738 [INFO] PluginManage:307 - Check plugin tools
2022-08-18 19:43:05,739 [WARN] IntegrityCheckThread:82 - waiting for thirdparty lock release [integrity check]
2022-08-18 19:43:05,740 [INFO] IntegrityCheckThread:84 - entering critical section [integrity check]
2022-08-18 19:43:05,743 [INFO] ThirdPartyUpdaterWithRetryManager:70 - Updater plugin not ready yet. [1/15]
2022-08-18 19:43:05,784 [INFO] PluginManage:356 - Loaded plugin tools (category:base,tabindex:7)
2022-08-18 19:43:05,784 [INFO] PluginManage:307 - Check plugin tutovideos
2022-08-18 19:43:06,497 [INFO] PluginManage:356 - Loaded plugin tutovideos (category:base,tabindex:-1)
2022-08-18 19:43:06,498 [INFO] PluginManage:307 - Check plugin updater
2022-08-18 19:43:06,549 [INFO] PluginManage:356 - Loaded plugin updater (category:base,tabindex:12)
2022-08-18 19:43:06,551 [INFO] PluginManage:280 - PluginManage : Loaded plugins [15]
2022-08-18 19:43:07,796 [INFO] PinOutPanel:1468 - setPackage(No Configuration,No Configuration)
2022-08-18 19:43:08,136 [INFO] CADModel:98 - CPN selected for project level
2022-08-18 19:43:08,188 [INFO] IPUIPlugin:79 - create IPUIPlugin
2022-08-18 19:43:08,189 [INFO] PluginManager:217 - loadIPPluginJar : add adc
2022-08-18 19:43:08,246 [INFO] IPUIPlugin:79 - create IPUIPlugin
2022-08-18 19:43:08,246 [INFO] PluginManager:217 - loadIPPluginJar : add aes
2022-08-18 19:43:08,309 [INFO] IPUIPlugin:79 - create IPUIPlugin
2022-08-18 19:43:08,310 [INFO] PluginManager:217 - loadIPPluginJar : add can
2022-08-18 19:43:08,345 [INFO] IPUIPlugin:79 - create IPUIPlugin
2022-08-18 19:43:08,346 [INFO] PluginManager:217 - loadIPPluginJar : add comp
2022-08-18 19:43:08,405 [INFO] IPUIPlugin:79 - create IPUIPlugin
2022-08-18 19:43:08,406 [INFO] PluginManager:217 - loadIPPluginJar : add cryp
2022-08-18 19:43:08,456 [INFO] IPUIPlugin:79 - create IPUIPlugin
2022-08-18 19:43:08,457 [INFO] PluginManager:217 - loadIPPluginJar : add dfsdm
2022-08-18 19:43:08,483 [INFO] IPUIPlugin:79 - create IPUIPlugin
2022-08-18 19:43:08,484 [INFO] PluginManager:217 - loadIPPluginJar : add dma
2022-08-18 19:43:08,549 [INFO] IPUIPlugin:79 - create IPUIPlugin
2022-08-18 19:43:08,550 [INFO] PluginManager:217 - loadIPPluginJar : add dma3
2022-08-18 19:43:08,642 [INFO] IPUIPlugin:79 - create IPUIPlugin
2022-08-18 19:43:08,642 [INFO] PluginManager:217 - loadIPPluginJar : add fatfs
2022-08-18 19:43:08,740 [INFO] IPUIPlugin:79 - create IPUIPlugin
2022-08-18 19:43:08,741 [INFO] PluginManager:217 - loadIPPluginJar : add fmc
2022-08-18 19:43:08,764 [INFO] ThirdPartyUpdaterWithRetryManager:70 - Updater plugin not ready yet. [2/15]
2022-08-18 19:43:08,766 [INFO] IPUIPlugin:79 - create IPUIPlugin
2022-08-18 19:43:08,766 [INFO] PluginManager:217 - loadIPPluginJar : add freertos
2022-08-18 19:43:08,794 [INFO] IPUIPlugin:79 - create IPUIPlugin
2022-08-18 19:43:08,795 [INFO] PluginManager:217 - loadIPPluginJar : add genericplugin
2022-08-18 19:43:08,926 [INFO] IPUIPlugin:79 - create IPUIPlugin
2022-08-18 19:43:08,926 [INFO] PluginManager:217 - loadIPPluginJar : add gfxmmu
2022-08-18 19:43:09,243 [INFO] IPUIPlugin:79 - create IPUIPlugin
2022-08-18 19:43:09,247 [INFO] PluginManager:217 - loadIPPluginJar : add gic
2022-08-18 19:43:09,272 [INFO] IPUIPlugin:79 - create IPUIPlugin
2022-08-18 19:43:09,273 [INFO] PluginManager:217 - loadIPPluginJar : add gpio
2022-08-18 19:43:09,407 [INFO] IPUIPlugin:79 - create IPUIPlugin
2022-08-18 19:43:09,408 [INFO] PluginManager:217 - loadIPPluginJar : add gtzc
2022-08-18 19:43:09,463 [INFO] IPUIPlugin:79 - create IPUIPlugin
2022-08-18 19:43:09,463 [INFO] PluginManager:217 - loadIPPluginJar : add hash
2022-08-18 19:43:09,544 [INFO] IPUIPlugin:79 - create IPUIPlugin
2022-08-18 19:43:09,544 [INFO] PluginManager:217 - loadIPPluginJar : add i2c
2022-08-18 19:43:09,604 [INFO] IPUIPlugin:79 - create IPUIPlugin
2022-08-18 19:43:09,605 [INFO] PluginManager:217 - loadIPPluginJar : add i2s
2022-08-18 19:43:09,805 [INFO] IPUIPlugin:79 - create IPUIPlugin
2022-08-18 19:43:09,806 [INFO] PluginManager:217 - loadIPPluginJar : add ipddr
2022-08-18 19:43:09,965 [INFO] IPUIPlugin:79 - create IPUIPlugin
2022-08-18 19:43:09,965 [INFO] PluginManager:217 - loadIPPluginJar : add linkedlist
2022-08-18 19:43:10,071 [INFO] IPUIPlugin:79 - create IPUIPlugin
2022-08-18 19:43:10,072 [INFO] PluginManager:217 - loadIPPluginJar : add lorawan
2022-08-18 19:43:10,156 [INFO] IPUIPlugin:79 - create IPUIPlugin
2022-08-18 19:43:10,156 [INFO] PluginManager:217 - loadIPPluginJar : add ltdc
2022-08-18 19:43:10,181 [INFO] IPUIPlugin:79 - create IPUIPlugin
2022-08-18 19:43:10,182 [INFO] PluginManager:217 - loadIPPluginJar : add mdma
2022-08-18 19:43:10,201 [INFO] IPUIPlugin:79 - create IPUIPlugin
2022-08-18 19:43:10,201 [INFO] PluginManager:217 - loadIPPluginJar : add nvic
2022-08-18 19:43:10,271 [INFO] IPUIPlugin:79 - create IPUIPlugin
2022-08-18 19:43:10,272 [INFO] PluginManager:217 - loadIPPluginJar : add opamp
2022-08-18 19:43:10,357 [INFO] IPUIPlugin:79 - create IPUIPlugin
2022-08-18 19:43:10,358 [INFO] PluginManager:217 - loadIPPluginJar : add openamp
2022-08-18 19:43:10,422 [INFO] IPUIPlugin:79 - create IPUIPlugin
2022-08-18 19:43:10,423 [INFO] PluginManager:217 - loadIPPluginJar : add pdm2pcm
2022-08-18 19:43:10,451 [INFO] IPUIPlugin:79 - create IPUIPlugin
2022-08-18 19:43:10,457 [INFO] PluginManager:217 - loadIPPluginJar : add plateformsettings
2022-08-18 19:43:10,494 [INFO] IPUIPlugin:79 - create IPUIPlugin
2022-08-18 19:43:10,494 [INFO] PluginManager:217 - loadIPPluginJar : add quadspi
2022-08-18 19:43:10,516 [INFO] IPUIPlugin:79 - create IPUIPlugin
2022-08-18 19:43:10,517 [INFO] PluginManager:217 - loadIPPluginJar : add resmgrutility
2022-08-18 19:43:10,599 [INFO] IPUIPlugin:79 - create IPUIPlugin
2022-08-18 19:43:10,600 [INFO] PluginManager:217 - loadIPPluginJar : add sai
2022-08-18 19:43:10,707 [INFO] IPUIPlugin:79 - create IPUIPlugin
2022-08-18 19:43:10,708 [INFO] PluginManager:217 - loadIPPluginJar : add spi
2022-08-18 19:43:10,805 [INFO] IPUIPlugin:79 - create IPUIPlugin
2022-08-18 19:43:10,805 [INFO] PluginManager:217 - loadIPPluginJar : add stm32_wpan
2022-08-18 19:43:10,865 [INFO] IPUIPlugin:79 - create IPUIPlugin
2022-08-18 19:43:10,865 [INFO] PluginManager:217 - loadIPPluginJar : add tim
2022-08-18 19:43:10,971 [INFO] IPUIPlugin:79 - create IPUIPlugin
2022-08-18 19:43:10,971 [INFO] PluginManager:217 - loadIPPluginJar : add touchsensing
2022-08-18 19:43:11,021 [INFO] IPUIPlugin:79 - create IPUIPlugin
2022-08-18 19:43:11,022 [INFO] PluginManager:217 - loadIPPluginJar : add tracer_emb
2022-08-18 19:43:11,067 [INFO] IPUIPlugin:79 - create IPUIPlugin
2022-08-18 19:43:11,068 [INFO] PluginManager:217 - loadIPPluginJar : add ts
2022-08-18 19:43:11,121 [INFO] IPUIPlugin:79 - create IPUIPlugin
2022-08-18 19:43:11,123 [INFO] PluginManager:217 - loadIPPluginJar : add tsc
2022-08-18 19:43:11,160 [INFO] IPUIPlugin:79 - create IPUIPlugin
2022-08-18 19:43:11,161 [INFO] PluginManager:217 - loadIPPluginJar : add ucpd
2022-08-18 19:43:11,232 [INFO] IPUIPlugin:79 - create IPUIPlugin
2022-08-18 19:43:11,232 [INFO] PluginManager:217 - loadIPPluginJar : add usart
2022-08-18 19:43:11,321 [INFO] IPUIPlugin:79 - create IPUIPlugin
2022-08-18 19:43:11,322 [INFO] PluginManager:217 - loadIPPluginJar : add usbx
2022-08-18 19:43:11,776 [INFO] ThirdPartyUpdaterWithRetryManager:70 - Updater plugin not ready yet. [3/15]
2022-08-18 19:43:11,938 [FATAL] Updater:301 - Updater called before beeing initialized
2022-08-18 19:43:12,838 [FATAL] Updater:301 - Updater called before beeing initialized
2022-08-18 19:43:12,914 [INFO] DbMcusAds:52 - JSON generation date=Thu Sep 30 08:55:09 CAT 2021 (1632984909377)
2022-08-18 19:43:12,915 [FATAL] Updater:301 - Updater called before beeing initialized
2022-08-18 19:43:13,483 [WARN] DetailPanel:344 - Failed to get advertising image, set to default
2022-08-18 19:43:14,131 [FATAL] Updater:301 - Updater called before beeing initialized
2022-08-18 19:43:14,136 [FATAL] Updater:301 - Updater called before beeing initialized
2022-08-18 19:43:14,136 [FATAL] Updater:301 - Updater called before beeing initialized
2022-08-18 19:43:14,136 [WARN] DetailPanel:344 - Failed to get advertising image, set to default
2022-08-18 19:43:14,138 [FATAL] Updater:301 - Updater called before beeing initialized
2022-08-18 19:43:14,501 [ERROR] Updater:1105 - MainUpdater not yet initialized. External WinMGr cannot be set.
2022-08-18 19:43:14,547 [ERROR] LogOutputStream:74 - [STDERR_REDIRECT] SLF4J: Failed to load class "org.slf4j.impl.StaticLoggerBinder".
2022-08-18 19:43:14,549 [ERROR] LogOutputStream:74 - [STDERR_REDIRECT] SLF4J: Defaulting to no-operation (NOP) logger implementation
2022-08-18 19:43:14,565 [ERROR] LogOutputStream:74 - [STDERR_REDIRECT] SLF4J: See http://www.slf4j.org/codes.html#StaticLoggerBinder for further details.
2022-08-18 19:43:14,591 [INFO] Updater:1041 - Updater Version found : 6.6.1
2022-08-18 19:43:14,647 [INFO] ApplicationProperties:181 - Using Application install path: C:\ST\STM32CubeIDE_1.10.1\STM32CubeIDE\plugins\com.st.stm32cube.common.mx_6.6.1.202207061420
2022-08-18 19:43:14,808 [FATAL] Updater:301 - Updater called before beeing initialized
2022-08-18 19:43:14,808 [ERROR] IntegrityCheckThread:128 - Cannot retrieve database content from updater: error 21
2022-08-18 19:43:14,809 [INFO] ThirdParty:929 - Integrity check success = false
2022-08-18 19:43:14,809 [INFO] IntegrityCheckThread:98 - exiting critical section [integrity check]
2022-08-18 19:43:14,809 [INFO] IntegrityCheckThread:101 - End integrity checks thread
2022-08-18 19:43:15,532 [INFO] MainUpdater:2768 - connection check result : 10
2022-08-18 19:43:15,533 [INFO] MainUpdater:3453 - Updater definition file requires update
2022-08-18 19:43:15,536 [INFO] MainUpdater:280 - Updater Check For Update Now.
2022-08-18 19:43:15,538 [INFO] MicroXplorer:481 - Change Database Version : DB.6.0.60
2022-08-18 19:43:15,689 [INFO] ServerAccessManage:474 - Download File updaters.zip
2022-08-18 19:43:15,814 [INFO] FileExtend:239 - Unzip File : updaters.zip
2022-08-18 19:43:15,814 [INFO] FileExtend:254 - Standard Zip Deflate
2022-08-18 19:43:19,744 [INFO] ServerAccessManage:474 - Download File PacksControlFlags.xml
2022-08-18 19:43:19,855 [INFO] ServerAccessManage:474 - Download File cubemx.pidx
2022-08-18 19:43:21,582 [INFO] ServerAccessManage:474 - Download File STMicroelectronics.X-CUBE-ISPU.pdsc
2022-08-18 19:43:22,455 [INFO] ServerAccessManage:474 - Download File STMicroelectronics.X-CUBE-MEMS1.pdsc
2022-08-18 19:43:32,327 [INFO] ServerAccessManage:474 - Download File STMicroelectronics.X-CUBE-AZRTOS-F4.pdsc
2022-08-18 19:43:34,522 [WARN] PackLoader:242 - Cannot read IP mode file for STMicroelectronics.X-CUBE-ISPU.1.0.0
2022-08-18 19:43:34,884 [WARN] PackLoader:242 - Cannot read IP mode file for STMicroelectronics.X-CUBE-MEMS1.9.3.0
2022-08-18 19:43:34,899 [INFO] MainUpdater:2768 - connection check result : 10
2022-08-18 19:43:34,904 [INFO] CheckServerUpdateThread:119 - End of CheckServer Thread
2022-08-18 19:43:35,231 [INFO] McuFinderGlobals:57 - Set McuFinderConnectedMode to true
2022-08-18 19:43:35,903 [WARN] PackLoader:242 - Cannot read IP mode file for STMicroelectronics.X-CUBE-AZRTOS-F4.1.1.0
2022-08-18 19:43:35,912 [INFO] PopulateThirdPartyThread:64 - Ending populate Thread
2022-08-18 19:43:35,914 [INFO] ThirdParty:981 - CMSIS Pack Vendor :STMicroelectronics X-CUBE-AZRTOS-F4 1.1.0
2022-08-18 19:43:35,915 [INFO] ThirdParty:981 - CMSIS Pack Vendor :STMicroelectronics X-CUBE-MEMS1 9.3.0
2022-08-18 19:43:35,915 [INFO] ThirdParty:981 - CMSIS Pack Vendor :STMicroelectronics X-CUBE-ISPU 1.0.0
2022-08-18 19:43:35,915 [INFO] LoadServerUpdatesThread:367 - End of LoadServerUpdate Thread
2022-08-18 19:43:36,215 [INFO] ServerAccessManage:474 - Download File mcusAds.json._tmp_
2022-08-18 19:43:36,459 [INFO] LoadUrlFilesThread:150 - End of LoadUrlFiles Thread
2022-08-18 19:43:36,915 [INFO] ServerAccessManage:474 - Download File cube-finder-db.zip
2022-08-18 19:43:43,312 [INFO] FileExtend:239 - Unzip File : cube-finder-db.zip
2022-08-18 19:43:43,313 [INFO] FileExtend:254 - Standard Zip Deflate
2022-08-18 19:43:45,094 [INFO] LoadUrlFilesThread:150 - End of LoadUrlFiles Thread
2022-08-18 19:43:46,146 [INFO] ServerAccessManage:474 - Download File crdb.zip
2022-08-18 19:43:47,384 [INFO] FileExtend:239 - Unzip File : crdb.zip
2022-08-18 19:43:47,385 [INFO] FileExtend:254 - Standard Zip Deflate
2022-08-18 19:43:47,539 [INFO] LoadUrlFilesThread:150 - End of LoadUrlFiles Thread
2022-08-18 19:43:47,723 [INFO] ServerAccessManage:474 - Download File tutoVideoDB.zip
2022-08-18 19:43:47,737 [INFO] FileExtend:239 - Unzip File : tutoVideoDB.zip
2022-08-18 19:43:47,737 [INFO] FileExtend:254 - Standard Zip Deflate
2022-08-18 19:43:47,884 [INFO] LoadUrlFilesThread:150 - End of LoadUrlFiles Thread
2022-08-18 19:43:47,928 [INFO] JxBrowserEngine:106 - Initiate JxBrowser Engine with user profile folder
2022-08-18 19:43:48,443 [ERROR] JxBrowserEngine:59 - Can't initiate JxBrowser engine com.teamdev.jxbrowser.engine.ChromiumBinariesExtractionException: Failed to extract Chromium binaries into C:\Users\benjr\.stm32cubemx\.jxbrowser\Chromium
2022-08-18 19:43:48,445 [WARN] DbFile:40 - Overriding database path with different value: C:\Users\benjr\.stmcufinder\plugins\mcufinder/ => C:\Users\benjr\.stmcufinder\plugins\mcufinder
2022-08-18 19:43:48,575 [INFO] ServerAccessManage:474 - Download File api_config.json
2022-08-18 19:43:48,695 [INFO] LoadUrlFilesThread:150 - End of LoadUrlFiles Thread
2022-08-18 19:43:48,712 [INFO] DbMcusAds:52 - JSON generation date=Thu Sep 30 08:55:09 CAT 2021 (1632984909377)
2022-08-18 19:43:48,791 [INFO] LoadUrlFilesThread:177 - End of LoadServerUrlFiles without Thread
2022-08-18 19:43:48,791 [INFO] TargetSelectorAdapter:228 - Refresh data is successful
2022-08-18 19:43:49,288 [INFO] ApiDb:576 - Connected to CubeFinder SQLite database (C:\Users\benjr\.stmcufinder\plugins\mcufinder\mcu\cube-finder-db.db)
2022-08-18 19:43:49,621 [INFO] ApiDb:663 - CubeFinder database Data Model version=2.1
2022-08-18 19:43:49,621 [INFO] ApiDb:664 - CubeFinder database Configuration version=3.0.32
2022-08-18 19:43:49,621 [INFO] ApiDb:665 - CubeFinder database generation date=2022-08-05 (1659688109)
2022-08-18 19:43:49,622 [INFO] ApiDb:666 - CubeFinder database FW Pack versions=[STM32Cube_FW_C0_V1.0.0, STM32Cube_FW_F4_V1.27.1, STM32Cube_FW_F7_V1.17.0, STM32Cube_FW_G0_V1.6.1, STM32Cube_FW_G4_V1.5.0, STM32Cube_FW_H7_V1.10.0, STM32Cube_FW_L5_V1.4.0, STM32Cube_FW_U5_V1.1.1, STM32Cube_FW_WB_V1.14.1, STM32Cube_FW_WL_V1.2.0, X-CUBE-ALGOBUILD_V1.3.0, X-CUBE-ALS_V1.0.1, X-CUBE-AZRTOS-F4_V1.1.0, X-CUBE-AZRTOS-F7_V1.1.0, X-CUBE-AZRTOS-G0_V1.1.0, X-CUBE-AZRTOS-G4_V1.0.0, X-CUBE-AZRTOS-H7_V2.1.0, X-CUBE-AZRTOS-L4_V1.0.0, X-CUBE-AZRTOS-L5_V1.0.0, X-CUBE-AZRTOS-WL_V1.0.0, X-CUBE-BLE1_V6.2.3, X-CUBE-BLE2_V3.3.0, X-CUBE-EEPRMA1_V3.1.1, X-CUBE-GNSS1_V6.0.0, X-CUBE-MEMS1_V9.1.0, X-CUBE-MEMS1_V9.3.0, X-CUBE-NFC4_V2.0.4, X-CUBE-NFC7_V1.0.0, X-CUBE-SFXS2LP1_V4.0.0, X-CUBE-SUBG2_V5.0.0]
2022-08-18 19:44:24,779 [INFO] ApiDb:239 - Found 138 in-development CPN: [B-WB1M-WPAN1, NUCLEO-C031C6, STEVAL-STWINBX1, STM320518-EVAL, STM32C0116-DK, STM32C011D6Y3TR, STM32C011D6Y6TR, STM32C011F4P3, STM32C011F4P6, STM32C011F4U3, STM32C011F4U6TR, STM32C011F6P3, STM32C011F6P6, STM32C011F6U3, STM32C011F6U6TR, STM32C011J4M3, STM32C011J4M6, STM32C011J6M3, STM32C011J6M6, STM32C0316-DK, STM32C031C4T3, STM32C031C4T6, STM32C031C4U3, STM32C031C4U6, STM32C031C6T3, STM32C031C6T6, STM32C031C6U3, STM32C031C6U6, STM32C031F4P3, STM32C031F4P6, STM32C031F6P3, STM32C031F6P6, STM32C031G4U3, STM32C031G4U6, STM32C031G6U3, STM32C031G6U6, STM32C031K4T3, STM32C031K4T6, STM32C031K4U3, STM32C031K4U6, STM32C031K6T3, STM32C031K6T6, STM32C031K6U3, STM32C031K6U6, STM32G071K8TXN, STM32G071K8UXN, STM32G081GBU6N, STM32G081KBT6N, STM32G081KBUXN, STM32G0B1CCT6N, STM32G0B1KCT6, STM32G0B1NEY6TR, STM32G0B1RCT6N, STM32G0C1CCT6, STM32G0C1CCT6N, STM32G0C1CCU6N, STM32G0C1CET6N, STM32G0C1CEU6N, STM32G0C1KCT6, STM32G0C1NEY6TR, STM32G0C1RCI6N, STM32G0C1RCT6N, STM32G0C1REI6N, STM32G0C1RET6N, STM32G0C1VCI6, STM32G0C1VEI6, STM32G471CCT6, STM32G471CCU6, STM32G471CET3, STM32G471CET6, STM32G471CEU3, STM32G471CEU6, STM32G471MCT6, STM32G471MET3, STM32G471MET6, STM32G471MEY6TR, STM32G471QCT6, STM32G471QET3, STM32G471RCT6, STM32G471RET3, STM32G471RET6, STM32G471VCH6, STM32G471VCI6, STM32G471VCT6, STM32G471VEH3, STM32G471VEH6, STM32G471VEI3, STM32G471VEI6, STM32G471VET3, STM32G471VET6, STM32G474CCT6, STM32L476VGY6PTR, STM32L4R5QGI6STR, STM32MP131AAE3, STM32MP131AAF3, STM32MP131AAG3, STM32MP131CAE3, STM32MP131CAF3, STM32MP131CAG3, STM32MP131DAE7, STM32MP131DAF7, STM32MP131DAG7, STM32MP131FAE7, STM32MP131FAF7, STM32MP131FAG7, STM32MP133AAE3, STM32MP133AAF3, STM32MP133AAG3, STM32MP133CAE3, STM32MP133CAF3, STM32MP133CAG3, STM32MP133DAE7, STM32MP133DAF7, STM32MP133DAG7, STM32MP133FAE7, STM32MP133FAF7, STM32MP133FAG7, STM32MP135AAE3, STM32MP135AAF3, STM32MP135AAG3, STM32MP135CAE3, STM32MP135CAF3, STM32MP135CAG3, STM32MP135DAE7, STM32MP135DAF7, STM32MP135DAG7, STM32MP135F-DK, STM32MP135FAE7, STM32MP135FAF7, STM32MP135FAG7, STM32U595ZJT6Q, STM32U599BJY6QTR, STM32U599NIH6Q, STM32U599NJH6Q, STM32U5A5ZJT6Q, STM32U5A9BJY6QTR, STM32U5A9NJH6Q, STM32WB1MMCH6]
2022-08-18 19:44:24,790 [INFO] DbMcus:215 - Found 3542 MCUs, 3542 are supported
2022-08-18 19:44:24,871 [INFO] ApiDb:418 - Load user favorites file C:\Users\benjr/.stm32cubeide/favorites.mcus.txt: 0 item(s)
2022-08-18 19:44:24,872 [INFO] ApiDb:422 - User favorites MCUs=[]
2022-08-18 19:44:24,872 [INFO] DbMcus:221 - Set 0 / 0 favorites MCUs
2022-08-18 19:44:24,882 [INFO] ApiDb:663 - CubeFinder database Data Model version=2.1
2022-08-18 19:44:24,882 [INFO] ApiDb:664 - CubeFinder database Configuration version=3.0.32
2022-08-18 19:44:24,883 [INFO] ApiDb:665 - CubeFinder database generation date=2022-08-05 (1659688109)
2022-08-18 19:44:24,883 [INFO] ApiDb:666 - CubeFinder database FW Pack versions=[STM32Cube_FW_C0_V1.0.0, STM32Cube_FW_F4_V1.27.1, STM32Cube_FW_F7_V1.17.0, STM32Cube_FW_G0_V1.6.1, STM32Cube_FW_G4_V1.5.0, STM32Cube_FW_H7_V1.10.0, STM32Cube_FW_L5_V1.4.0, STM32Cube_FW_U5_V1.1.1, STM32Cube_FW_WB_V1.14.1, STM32Cube_FW_WL_V1.2.0, X-CUBE-ALGOBUILD_V1.3.0, X-CUBE-ALS_V1.0.1, X-CUBE-AZRTOS-F4_V1.1.0, X-CUBE-AZRTOS-F7_V1.1.0, X-CUBE-AZRTOS-G0_V1.1.0, X-CUBE-AZRTOS-G4_V1.0.0, X-CUBE-AZRTOS-H7_V2.1.0, X-CUBE-AZRTOS-L4_V1.0.0, X-CUBE-AZRTOS-L5_V1.0.0, X-CUBE-AZRTOS-WL_V1.0.0, X-CUBE-BLE1_V6.2.3, X-CUBE-BLE2_V3.3.0, X-CUBE-EEPRMA1_V3.1.1, X-CUBE-GNSS1_V6.0.0, X-CUBE-MEMS1_V9.1.0, X-CUBE-MEMS1_V9.3.0, X-CUBE-NFC4_V2.0.4, X-CUBE-NFC7_V1.0.0, X-CUBE-SFXS2LP1_V4.0.0, X-CUBE-SUBG2_V5.0.0]
2022-08-18 19:44:25,955 [INFO] DbBoardsSqlite:227 - include board P-NUCLEO-WB55-NUCLEO as a kit item of type 'Nucleo-64'
2022-08-18 19:44:25,956 [INFO] DbBoardsSqlite:227 - include board P-NUCLEO-WB55-USBDONGLE as a kit item of type 'Nucleo USB Dongle'
2022-08-18 19:44:25,957 [INFO] DbBoardsSqlite:227 - include board STEVAL-IDP005V1 as a kit item of type 'Evaluation Board'
2022-08-18 19:44:25,958 [INFO] DbBoardsSqlite:227 - include board STEVAL-IDP005V2 as a kit item of type 'Evaluation Board'
2022-08-18 19:44:25,991 [INFO] ApiDb:239 - Found 138 in-development CPN: [B-WB1M-WPAN1, NUCLEO-C031C6, STEVAL-STWINBX1, STM320518-EVAL, STM32C0116-DK, STM32C011D6Y3TR, STM32C011D6Y6TR, STM32C011F4P3, STM32C011F4P6, STM32C011F4U3, STM32C011F4U6TR, STM32C011F6P3, STM32C011F6P6, STM32C011F6U3, STM32C011F6U6TR, STM32C011J4M3, STM32C011J4M6, STM32C011J6M3, STM32C011J6M6, STM32C0316-DK, STM32C031C4T3, STM32C031C4T6, STM32C031C4U3, STM32C031C4U6, STM32C031C6T3, STM32C031C6T6, STM32C031C6U3, STM32C031C6U6, STM32C031F4P3, STM32C031F4P6, STM32C031F6P3, STM32C031F6P6, STM32C031G4U3, STM32C031G4U6, STM32C031G6U3, STM32C031G6U6, STM32C031K4T3, STM32C031K4T6, STM32C031K4U3, STM32C031K4U6, STM32C031K6T3, STM32C031K6T6, STM32C031K6U3, STM32C031K6U6, STM32G071K8TXN, STM32G071K8UXN, STM32G081GBU6N, STM32G081KBT6N, STM32G081KBUXN, STM32G0B1CCT6N, STM32G0B1KCT6, STM32G0B1NEY6TR, STM32G0B1RCT6N, STM32G0C1CCT6, STM32G0C1CCT6N, STM32G0C1CCU6N, STM32G0C1CET6N, STM32G0C1CEU6N, STM32G0C1KCT6, STM32G0C1NEY6TR, STM32G0C1RCI6N, STM32G0C1RCT6N, STM32G0C1REI6N, STM32G0C1RET6N, STM32G0C1VCI6, STM32G0C1VEI6, STM32G471CCT6, STM32G471CCU6, STM32G471CET3, STM32G471CET6, STM32G471CEU3, STM32G471CEU6, STM32G471MCT6, STM32G471MET3, STM32G471MET6, STM32G471MEY6TR, STM32G471QCT6, STM32G471QET3, STM32G471RCT6, STM32G471RET3, STM32G471RET6, STM32G471VCH6, STM32G471VCI6, STM32G471VCT6, STM32G471VEH3, STM32G471VEH6, STM32G471VEI3, STM32G471VEI6, STM32G471VET3, STM32G471VET6, STM32G474CCT6, STM32L476VGY6PTR, STM32L4R5QGI6STR, STM32MP131AAE3, STM32MP131AAF3, STM32MP131AAG3, STM32MP131CAE3, STM32MP131CAF3, STM32MP131CAG3, STM32MP131DAE7, STM32MP131DAF7, STM32MP131DAG7, STM32MP131FAE7, STM32MP131FAF7, STM32MP131FAG7, STM32MP133AAE3, STM32MP133AAF3, STM32MP133AAG3, STM32MP133CAE3, STM32MP133CAF3, STM32MP133CAG3, STM32MP133DAE7, STM32MP133DAF7, STM32MP133DAG7, STM32MP133FAE7, STM32MP133FAF7, STM32MP133FAG7, STM32MP135AAE3, STM32MP135AAF3, STM32MP135AAG3, STM32MP135CAE3, STM32MP135CAF3, STM32MP135CAG3, STM32MP135DAE7, STM32MP135DAF7, STM32MP135DAG7, STM32MP135F-DK, STM32MP135FAE7, STM32MP135FAF7, STM32MP135FAG7, STM32U595ZJT6Q, STM32U599BJY6QTR, STM32U599NIH6Q, STM32U599NJH6Q, STM32U5A5ZJT6Q, STM32U5A9BJY6QTR, STM32U5A9NJH6Q, STM32WB1MMCH6]
2022-08-18 19:44:26,711 [INFO] BoardInfo:879 - No configuration file found for board P-NUCLEO-WB55
2022-08-18 19:44:26,711 [INFO] DbBoards:156 - Kit is not supported: P-NUCLEO-WB55
2022-08-18 19:44:26,734 [INFO] BoardInfo:879 - No configuration file found for board STEVAL-BFA001V1B
2022-08-18 19:44:26,734 [INFO] DbBoards:156 - Kit is not supported: STEVAL-BFA001V1B
2022-08-18 19:44:26,737 [INFO] BoardInfo:879 - No configuration file found for board STEVAL-BFA001V2B
2022-08-18 19:44:26,738 [INFO] DbBoards:156 - Kit is not supported: STEVAL-BFA001V2B
2022-08-18 19:44:27,372 [INFO] DbBoards:160 - Found 176 boards, 173 are supported
2022-08-18 19:44:27,385 [INFO] ApiDb:418 - Load user favorites file C:\Users\benjr/.stm32cubeide/favorites.boards.txt: 0 item(s)
2022-08-18 19:44:27,385 [INFO] ApiDb:422 - User favorites Boards=[]
2022-08-18 19:44:27,385 [INFO] DbBoards:189 - Set 0 / 0 favorites Boards
2022-08-18 19:44:27,393 [INFO] ApiDb:663 - CubeFinder database Data Model version=2.1
2022-08-18 19:44:27,393 [INFO] ApiDb:664 - CubeFinder database Configuration version=3.0.32
2022-08-18 19:44:27,393 [INFO] ApiDb:665 - CubeFinder database generation date=2022-08-05 (1659688109)
2022-08-18 19:44:27,393 [INFO] ApiDb:666 - CubeFinder database FW Pack versions=[STM32Cube_FW_C0_V1.0.0, STM32Cube_FW_F4_V1.27.1, STM32Cube_FW_F7_V1.17.0, STM32Cube_FW_G0_V1.6.1, STM32Cube_FW_G4_V1.5.0, STM32Cube_FW_H7_V1.10.0, STM32Cube_FW_L5_V1.4.0, STM32Cube_FW_U5_V1.1.1, STM32Cube_FW_WB_V1.14.1, STM32Cube_FW_WL_V1.2.0, X-CUBE-ALGOBUILD_V1.3.0, X-CUBE-ALS_V1.0.1, X-CUBE-AZRTOS-F4_V1.1.0, X-CUBE-AZRTOS-F7_V1.1.0, X-CUBE-AZRTOS-G0_V1.1.0, X-CUBE-AZRTOS-G4_V1.0.0, X-CUBE-AZRTOS-H7_V2.1.0, X-CUBE-AZRTOS-L4_V1.0.0, X-CUBE-AZRTOS-L5_V1.0.0, X-CUBE-AZRTOS-WL_V1.0.0, X-CUBE-BLE1_V6.2.3, X-CUBE-BLE2_V3.3.0, X-CUBE-EEPRMA1_V3.1.1, X-CUBE-GNSS1_V6.0.0, X-CUBE-MEMS1_V9.1.0, X-CUBE-MEMS1_V9.3.0, X-CUBE-NFC4_V2.0.4, X-CUBE-NFC7_V1.0.0, X-CUBE-SFXS2LP1_V4.0.0, X-CUBE-SUBG2_V5.0.0]
2022-08-18 19:44:33,952 [INFO] DbExamplesSqlite:374 - Ignored 31 examples not supported by CubeIDE
2022-08-18 19:44:33,953 [INFO] DbExamplesSqlite:375 - Found 6197 examples active
2022-08-18 19:44:33,954 [INFO] DbExamplesSqlite:376 - Found 89 examples obsolete
2022-08-18 19:44:33,955 [INFO] DbExamplesSqlite:377 - Found 0 examples under development
2022-08-18 19:44:33,955 [INFO] DbExamplesSqlite:378 - Found 76 examples not building
2022-08-18 19:44:33,958 [INFO] DbExamples:124 - Found 6242 examples
2022-08-18 19:44:33,986 [INFO] DbExamples:221 - Found 77 boards with related examples
2022-08-18 19:44:33,988 [INFO] DbExamples:234 - Found 64 MCUs with related examples
2022-08-18 19:44:34,025 [INFO] ApiDb:409 - User favorites file not found: C:\Users\benjr/.stm32cubeide/favorites.examples.txt
2022-08-18 19:44:34,025 [INFO] DbExamples:249 - Set 0 / 0 favorites Examples
2022-08-18 19:44:35,382 [INFO] McuFinderGlobals:57 - Set McuFinderConnectedMode to true
2022-08-18 19:44:35,403 [INFO] MultiScanPanel:195 - Auto-refresh data requested => check proxy status ongoing
2022-08-18 19:44:35,410 [INFO] FinderPluginLoader:92 - Searching for filters in installed packs
2022-08-18 19:44:43,665 [INFO] LoadUrlFilesThread:177 - End of LoadServerUrlFiles without Thread
2022-08-18 19:44:43,734 [INFO] DetailPanel:339 - Set advertising image to C:/Users/benjr/STM32Cube/Repository/\en.Prom_NBSTM32U50921.jpg
2022-08-18 19:46:07,861 [INFO] MultiScanPanel:195 - Auto-refresh data requested => check proxy status ongoing
2022-08-18 19:46:08,501 [INFO] LoadUrlFilesThread:177 - End of LoadServerUrlFiles without Thread
2022-08-18 19:46:08,502 [INFO] DetailPanel:339 - Set advertising image to C:/Users/benjr/STM32Cube/Repository/\en.Prom_NBSTM32U50921.jpg
2022-08-18 19:46:08,559 [INFO] DbBoards:628 - Loading board mini-images...
2022-08-18 19:46:09,755 [ERROR] DbBoards:648 - No image file defined for board B-WB1M-WPAN1
2022-08-18 19:46:09,756 [ERROR] DbBoards:648 - No image file defined for board NUCLEO-C031C6
2022-08-18 19:46:19,309 [ERROR] DbBoards:648 - No image file defined for board STEVAL-STWINBX1
2022-08-18 19:46:19,455 [ERROR] DbBoards:648 - No image file defined for board STM32091C-EVAL
2022-08-18 19:46:19,455 [ERROR] DbBoards:648 - No image file defined for board STM32100E-EVAL
2022-08-18 19:46:19,455 [ERROR] DbBoards:648 - No image file defined for board STM3210C-EVAL
2022-08-18 19:46:19,502 [ERROR] DbBoards:648 - No image file defined for board STM3221G-EVAL
2022-08-18 19:46:19,503 [ERROR] DbBoards:648 - No image file defined for board STM32303C-EVAL
2022-08-18 19:46:19,754 [ERROR] DbBoards:648 - No image file defined for board STM32479I-EVAL
2022-08-18 19:46:19,754 [ERROR] DbBoards:648 - No image file defined for board STM32746G-EVAL2
2022-08-18 19:46:19,779 [ERROR] DbBoards:648 - No image file defined for board STM32C0116-DK
2022-08-18 19:46:19,780 [ERROR] DbBoards:648 - No image file defined for board STM32C0316-DK
2022-08-18 19:46:19,906 [ERROR] DbBoards:648 - No image file defined for board STM32F401C-DISCO
2022-08-18 19:46:20,098 [ERROR] DbBoards:648 - No image file defined for board STM32F7308-DK
2022-08-18 19:46:20,215 [ERROR] DbBoards:648 - No image file defined for board STM32F779I-EVAL
2022-08-18 19:46:20,556 [ERROR] DbBoards:648 - No image file defined for board STM32H747I-EVAL
2022-08-18 19:46:20,685 [ERROR] DbBoards:648 - No image file defined for board STM32L-DISCOVERY
2022-08-18 19:46:20,784 [ERROR] DbBoards:648 - No image file defined for board STM32L152D-EVAL
2022-08-18 19:46:21,132 [ERROR] DbBoards:648 - No image file defined for board STM32MP135F-DK
2022-08-18 19:46:21,612 [INFO] DbBoards:651 - Loaded 157 board mini-images
2022-08-18 19:46:32,375 [INFO] MetaSearchPanel:248 - search for filter with key=STM32L4
2022-08-18 19:46:32,376 [INFO] MetaSearchPanel:349 - search for filter component McuSeries
2022-08-18 19:46:32,377 [INFO] MetaSearchPanel:323 - Collapse all filters sections
2022-08-18 19:47:24,845 [INFO] MetaSearchPanel:323 - Collapse all filters sections
2022-08-18 19:57:01,150 [INFO] MainUpdater:2768 - connection check result : 10
2022-08-18 19:57:01,154 [INFO] MainUpdater:2768 - connection check result : 10
2022-08-18 19:57:01,225 [INFO] MicroXplorer:451 - Change Database Path : 
2022-08-18 19:57:01,267 [INFO] MicroXplorer:481 - Change Database Version : DB.6.0.60
2022-08-18 19:57:01,268 [WARN] ThirdParty:827 - waiting for thirdparty lock release [close project]
2022-08-18 19:57:01,268 [INFO] ThirdParty:829 - entering critical section [close project]
2022-08-18 19:57:01,272 [INFO] ThirdParty:839 - exiting critical section [close project]
2022-08-18 19:57:01,290 [INFO] PinOutPanel:1468 - setPackage(No Configuration,No Configuration)
2022-08-18 19:57:01,306 [INFO] UtilMem:74 - Begin LoadConfig() Used Memory: 423579696 Bytes (753926144)
2022-08-18 19:57:01,308 [INFO] OpenFileManager:307 - Change cursor
2022-08-18 19:57:01,352 [WARN] IntegrityCheckThread:82 - waiting for thirdparty lock release [integrity check]
2022-08-18 19:57:01,352 [INFO] IntegrityCheckThread:84 - entering critical section [integrity check]
2022-08-18 19:57:01,715 [WARN] PackLoader:242 - Cannot read IP mode file for STMicroelectronics.X-CUBE-AZRTOS-F4.1.1.0
2022-08-18 19:57:01,883 [WARN] PackLoader:242 - Cannot read IP mode file for STMicroelectronics.X-CUBE-MEMS1.9.3.0
2022-08-18 19:57:02,210 [WARN] PackLoader:242 - Cannot read IP mode file for STMicroelectronics.X-CUBE-ISPU.1.0.0
2022-08-18 19:57:02,212 [INFO] ThirdParty:929 - Integrity check success = true
2022-08-18 19:57:02,213 [INFO] IntegrityCheckThread:98 - exiting critical section [integrity check]
2022-08-18 19:57:02,213 [INFO] IntegrityCheckThread:101 - End integrity checks thread
2022-08-18 19:57:02,269 [INFO] ProjectFactory:399 - No CPN specified for board NUCLEO-L432KC => set CPN to STM32L432KCU3
2022-08-18 19:57:02,275 [INFO] Mcu:1922 - Initializing MCU STM32L432K(B-C)Ux STM32L432KCUx STM32L432KCU3
2022-08-18 19:57:05,189 [INFO] Context:654 - Trying to add GPIOservice into a context  which must be forbidden
2022-08-18 19:57:05,977 [INFO] Rule:225 - rule 117617 - U5Cobra4M][GTZC] default value MPCBB3 and MPCBB5 - Not Secured memory - MPCBB1 is applicable
2022-08-18 19:57:05,977 [INFO] Rule:225 - rule 117617 - U5Cobra4M][GTZC] default value MPCBB3 and MPCBB5 - Not Secured memory - MPCBB1 is applicable
2022-08-18 19:57:05,977 [INFO] Rule:225 - rule 117617 - U5Cobra4M][GTZC] default value MPCBB3 and MPCBB5 - Not Secured memory - MPCBB2 is applicable
2022-08-18 19:57:05,978 [INFO] Rule:225 - rule 117617 - U5Cobra4M][GTZC] default value MPCBB3 and MPCBB5 - Not Secured memory - MPCBB2 is applicable
2022-08-18 19:57:05,978 [INFO] Rule:225 - rule 117617 - U5Cobra4M][GTZC] default value MPCBB3 and MPCBB5 - Not Secured memory - MPCBB3 is applicable
2022-08-18 19:57:05,978 [INFO] Rule:225 - rule 117617 - U5Cobra4M][GTZC] default value MPCBB3 and MPCBB5 - Not Secured memory - MPCBB3 is applicable
2022-08-18 19:57:05,978 [INFO] Rule:225 - rule 117617 - U5Cobra4M][GTZC] default value MPCBB3 and MPCBB5 - Not Secured memory - MPCBB4 is applicable
2022-08-18 19:57:05,978 [INFO] Rule:225 - rule 117617 - U5Cobra4M][GTZC] default value MPCBB3 and MPCBB5 - Not Secured memory - MPCBB4 is applicable
2022-08-18 19:57:05,978 [INFO] Rule:225 - rule 117617 - U5Cobra4M][GTZC] default value MPCBB3 and MPCBB5 - Secured memory - MPCBB1 is applicable
2022-08-18 19:57:05,978 [INFO] Rule:225 - rule 117617 - U5Cobra4M][GTZC] default value MPCBB3 and MPCBB5 - Secured memory - MPCBB2 is applicable
2022-08-18 19:57:05,978 [INFO] Rule:225 - rule 117617 - U5Cobra4M][GTZC] default value MPCBB3 and MPCBB5 - Secured memory - MPCBB3 is applicable
2022-08-18 19:57:05,978 [INFO] Rule:225 - rule 117617 - U5Cobra4M][GTZC] default value MPCBB3 and MPCBB5 - Secured memory - MPCBB4 is applicable
2022-08-18 19:57:05,978 [INFO] Rule:225 - rule 117617 - U5Cobra4M][GTZC] default value MPCBB3 and MPCBB5 - Privileged memory - MPCBB1 is applicable
2022-08-18 19:57:05,978 [INFO] Rule:225 - rule 117617 - U5Cobra4M][GTZC] default value MPCBB3 and MPCBB5 - Privileged memory - MPCBB2 is applicable
2022-08-18 19:57:05,978 [INFO] Rule:225 - rule 117617 - U5Cobra4M][GTZC] default value MPCBB3 and MPCBB5 - Privileged memory - MPCBB3 is applicable
2022-08-18 19:57:05,978 [INFO] Rule:225 - rule 117617 - U5Cobra4M][GTZC] default value MPCBB3 and MPCBB5 - Privileged memory - MPCBB4 is applicable
2022-08-18 19:57:05,978 [INFO] Rule:225 - rule 117617 - U5Cobra4M][GTZC] default value MPCBB3 and MPCBB5 - Not Privileged memory - MPCBB1 is applicable
2022-08-18 19:57:05,978 [INFO] Rule:225 - rule 117617 - U5Cobra4M][GTZC] default value MPCBB3 and MPCBB5 - Not Privileged memory - MPCBB2 is applicable
2022-08-18 19:57:05,978 [INFO] Rule:225 - rule 117617 - U5Cobra4M][GTZC] default value MPCBB3 and MPCBB5 - Not Privileged memory - MPCBB3 is applicable
2022-08-18 19:57:05,978 [INFO] Rule:225 - rule 117617 - U5Cobra4M][GTZC] default value MPCBB3 and MPCBB5 - Not Privileged memory - MPCBB4 is applicable
2022-08-18 19:57:05,978 [INFO] Rule:225 - rule 117617 - U5Cobra4M][GTZC] default value MPCBB3 and MPCBB5 - Privileged memory - MPCBB1 is applicable
2022-08-18 19:57:05,979 [INFO] Rule:225 - rule 117617 - U5Cobra4M][GTZC] default value MPCBB3 and MPCBB5 - Privileged memory - MPCBB2 is applicable
2022-08-18 19:57:05,979 [INFO] Rule:225 - rule 117617 - U5Cobra4M][GTZC] default value MPCBB3 and MPCBB5 - Privileged memory - MPCBB3 is applicable
2022-08-18 19:57:05,979 [INFO] Rule:225 - rule 117617 - U5Cobra4M][GTZC] default value MPCBB3 and MPCBB5 - Privileged memory - MPCBB4 is applicable
2022-08-18 19:57:05,979 [INFO] Rule:225 - rule 117617 - U5Cobra4M][GTZC] default value MPCBB3 and MPCBB5 - Privileged memory - MPCBB1 is applicable
2022-08-18 19:57:05,979 [INFO] Rule:225 - rule 117617 - U5Cobra4M][GTZC] default value MPCBB3 and MPCBB5 - Privileged memory - MPCBB2 is applicable
2022-08-18 19:57:05,979 [INFO] Rule:225 - rule 117617 - U5Cobra4M][GTZC] default value MPCBB3 and MPCBB5 - Privileged memory - MPCBB3 is applicable
2022-08-18 19:57:05,979 [INFO] Rule:225 - rule 117617 - U5Cobra4M][GTZC] default value MPCBB3 and MPCBB5 - Privileged memory - MPCBB4 is applicable
2022-08-18 19:57:05,979 [INFO] Rule:225 - rule 117617 - U5Cobra4M][GTZC] default value MPCBB3 and MPCBB5 - Not Privileged memory - MPCBB1 is applicable
2022-08-18 19:57:05,979 [INFO] Rule:225 - rule 117617 - U5Cobra4M][GTZC] default value MPCBB3 and MPCBB5 - Not Privileged memory - MPCBB2 is applicable
2022-08-18 19:57:05,979 [INFO] Rule:225 - rule 117617 - U5Cobra4M][GTZC] default value MPCBB3 and MPCBB5 - Not Privileged memory - MPCBB3 is applicable
2022-08-18 19:57:05,979 [INFO] Rule:225 - rule 117617 - U5Cobra4M][GTZC] default value MPCBB3 and MPCBB5 - Not Privileged memory - MPCBB4 is applicable
2022-08-18 19:57:05,979 [INFO] Rule:225 - rule 117617 - U5Cobra4M][GTZC] default value MPCBB3 and MPCBB5 - Privileged memory - MPCBB1 is applicable
2022-08-18 19:57:05,979 [INFO] Rule:225 - rule 117617 - U5Cobra4M][GTZC] default value MPCBB3 and MPCBB5 - Privileged memory - MPCBB2 is applicable
2022-08-18 19:57:05,979 [INFO] Rule:225 - rule 117617 - U5Cobra4M][GTZC] default value MPCBB3 and MPCBB5 - Privileged memory - MPCBB3 is applicable
2022-08-18 19:57:05,979 [INFO] Rule:225 - rule 117617 - U5Cobra4M][GTZC] default value MPCBB3 and MPCBB5 - Privileged memory - MPCBB4 is applicable
2022-08-18 19:57:05,979 [INFO] Rule:225 - rule Rename SubGHz_Phy SUBGHZ_APPLICATION SUBGHZ_PINGPONG to SUBGHZ_ADV_APPLICATION is applicable
2022-08-18 19:57:05,979 [INFO] Rule:225 - rule Rename Enabled to IBEACON is applicable
2022-08-18 19:57:05,979 [INFO] Rule:225 - rule GTZC_S instance for project manager is applicable
2022-08-18 19:57:05,979 [INFO] Rule:225 - rule GTZC_S instance for context M33S is applicable
2022-08-18 19:57:05,980 [INFO] Rule:225 - rule GTZC_S instance value for IP GTZC is applicable
2022-08-18 19:57:05,980 [INFO] Rule:225 - rule GTZC_S instance for mcu.IP is applicable
2022-08-18 19:57:05,980 [INFO] Rule:225 - rule GTZC_S instance for VP is applicable
2022-08-18 19:57:05,980 [INFO] Rule:225 - rule GTZC_S instance for signal is applicable
2022-08-18 19:57:05,980 [INFO] Rule:225 - rule GTZC_S instance for mcu.Pin is applicable
2022-08-18 19:57:05,980 [INFO] Rule:225 - rule GTZC_S instance for VP is applicable
2022-08-18 19:57:05,980 [INFO] Rule:225 - rule GTZC_S instance for signal is applicable
2022-08-18 19:57:05,980 [INFO] Rule:225 - rule GTZC_S instance for mcu is applicable
2022-08-18 19:57:05,980 [INFO] Rule:225 - rule GTZC_S instance for mcu.Pin is applicable
2022-08-18 19:57:05,980 [INFO] Rule:225 - rule GTZC_S instance value for IP GTZC is applicable
2022-08-18 19:57:05,980 [INFO] Rule:225 - rule GTZC_S instance for project manager is applicable
2022-08-18 19:57:05,980 [INFO] Rule:225 - rule GTZC_S instance for context M33S is applicable
2022-08-18 19:57:05,981 [INFO] Rule:225 - rule GTZC_S instance for VP is applicable
2022-08-18 19:57:05,981 [INFO] Rule:225 - rule GTZC_S instance for signal is applicable
2022-08-18 19:57:05,981 [INFO] Rule:225 - rule SPDIFRX instance for mcu is applicable
2022-08-18 19:57:05,981 [INFO] Rule:225 - rule Rename Tracer Mode is applicable
2022-08-18 19:57:05,981 [INFO] Rule:225 - rule SPDIFRX instance value for IP SPDIFRX is applicable
2022-08-18 19:57:05,981 [INFO] Rule:225 - rule SPDIFRX instance for signal is applicable
2022-08-18 19:57:05,981 [INFO] Rule:225 - rule SPDIFRX instance for project manager is applicable
2022-08-18 19:57:05,981 [INFO] Rule:225 - rule SPDIFRX instance for project manager is applicable
2022-08-18 19:57:05,981 [INFO] Rule:225 - rule ADC Scan  fix with FW F7 is applicable
2022-08-18 19:57:05,981 [INFO] Rule:225 - rule ADC Scan  fix with FW F7 is applicable
2022-08-18 19:57:05,982 [INFO] Rule:225 - rule DFSDM instance value for IP DFSDM is applicable
2022-08-18 19:57:05,982 [INFO] Rule:225 - rule DFSDM instance for mcu is applicable
2022-08-18 19:57:05,982 [INFO] Rule:225 - rule DFSDM instance for VP is applicable
2022-08-18 19:57:05,982 [INFO] Rule:225 - rule DFSDM instance for signal is applicable
2022-08-18 19:57:05,982 [INFO] Rule:225 - rule DFSDM instance for shared is applicable
2022-08-18 19:57:05,982 [INFO] Rule:225 - rule BreakInputSource parameter for IP Timer is applicable
2022-08-18 19:57:05,982 [INFO] Rule:225 - rule Sourcebreak parameter for IP Timer is applicable
2022-08-18 19:57:05,982 [INFO] Rule:225 - rule Sourcebreak parameter for IP Timer is applicable
2022-08-18 19:57:05,982 [INFO] Rule:225 - rule DFSDM for PCC is applicable
2022-08-18 19:57:05,982 [INFO] Rule:225 - rule Serial_Wire Mode is applicable
2022-08-18 19:57:05,982 [INFO] Rule:225 - rule JTAG_4_pins Mode is applicable
2022-08-18 19:57:05,985 [INFO] Rule:225 - rule JTAG_5_pins Mode is applicable
2022-08-18 19:57:05,985 [INFO] Rule:225 - rule Trace_Asynchronous_SW Mode is applicable
2022-08-18 19:57:05,985 [INFO] Rule:225 - rule Trace_Synchro_1bit_JTAG Mode is applicable
2022-08-18 19:57:05,985 [INFO] Rule:225 - rule Trace_Synchro_2bits_JTAG Mode is applicable
2022-08-18 19:57:05,985 [INFO] Rule:225 - rule Trace_Synchro_4bits_JTAG Mode is applicable
2022-08-18 19:57:05,985 [INFO] Rule:225 - rule Trace_Synchro_1bit_SW Mode is applicable
2022-08-18 19:57:05,985 [INFO] Rule:225 - rule Trace_Synchro_2bits_SW Mode is applicable
2022-08-18 19:57:05,985 [INFO] Rule:225 - rule Trace_Synchro_4bits_SW Mode is applicable
2022-08-18 19:57:05,986 [INFO] Rule:225 - rule SYS_WakeUp0 Mode is applicable
2022-08-18 19:57:05,986 [INFO] Rule:225 - rule SYS_WakeUp0 Mode for STM32F446 is applicable
2022-08-18 19:57:05,986 [INFO] Rule:225 - rule SYS_WakeUp1 Mode is applicable
2022-08-18 19:57:05,986 [INFO] Rule:225 - rule SYS_WakeUp1 Mode for STM32F446 is applicable
2022-08-18 19:57:05,986 [INFO] Rule:225 - rule SYS_WakeUp2 Mode is applicable
2022-08-18 19:57:05,986 [INFO] Rule:225 - rule SYS_WakeUp3 Mode is applicable
2022-08-18 19:57:05,986 [INFO] Rule:225 - rule SYS_WakeUp4 Mode is applicable
2022-08-18 19:57:05,986 [INFO] Rule:225 - rule SYS_WakeUp5 Mode is applicable
2022-08-18 19:57:05,986 [INFO] Rule:225 - rule SYS_WakeUp6 Mode is applicable
2022-08-18 19:57:05,986 [INFO] Rule:225 - rule SYS_WakeUp7 Mode is applicable
2022-08-18 19:57:05,986 [INFO] Rule:225 - rule Mode_PVD_Ext is applicable
2022-08-18 19:57:05,987 [INFO] Rule:225 - rule Mode_PVD_Int is applicable
2022-08-18 19:57:05,987 [INFO] Rule:225 - rule Add RTC Activate Clock Source is applicable
2022-08-18 19:57:05,987 [INFO] Rule:225 - rule Add RTC Activate Calendar 1 is applicable
2022-08-18 19:57:05,987 [INFO] Rule:225 - rule Add RTC Activate Calendar 2 is applicable
2022-08-18 19:57:05,988 [INFO] Rule:225 - rule Add RTC Activate Calendar 3 is applicable
2022-08-18 19:57:05,988 [INFO] Rule:225 - rule UART/USART TX Mode is applicable
2022-08-18 19:57:05,988 [INFO] Rule:225 - rule UART/USART RX Mode is applicable
2022-08-18 19:57:05,988 [INFO] Rule:225 - rule UART/USART RX TX Mode is applicable
2022-08-18 19:57:05,988 [INFO] Rule:225 - rule UART/USART PARITY NONE is applicable
2022-08-18 19:57:05,988 [INFO] Rule:225 - rule UART/USART PARITY EVEN is applicable
2022-08-18 19:57:05,988 [INFO] Rule:225 - rule UART/USART PARITY ODD is applicable
2022-08-18 19:57:05,988 [INFO] Rule:225 - rule USART StopBits 1 is applicable
2022-08-18 19:57:05,988 [INFO] Rule:225 - rule USART StopBits 2 is applicable
2022-08-18 19:57:05,988 [INFO] Rule:225 - rule USART StopBits 1.5 is applicable
2022-08-18 19:57:05,988 [INFO] Rule:225 - rule USART StopBits 0.5 is applicable
2022-08-18 19:57:05,989 [INFO] Rule:225 - rule UART/USART WORD LENGTH 7 is applicable
2022-08-18 19:57:05,989 [INFO] Rule:225 - rule UART/USART WORD LENGTH 8 is applicable
2022-08-18 19:57:05,989 [INFO] Rule:225 - rule UART/USART WORD LENGTH 9 is applicable
2022-08-18 19:57:05,989 [INFO] Rule:225 - rule Rename FMC NAND NCE signal is applicable
2022-08-18 19:57:05,989 [INFO] Rule:225 - rule Rename FMC NAND INT signal is applicable
2022-08-18 19:57:05,989 [INFO] Rule:225 - rule Change Default Value for ADC Clock Prescaler G0 family is applicable
2022-08-18 19:57:05,989 [INFO] Rule:225 - rule Change Default Value for ADC ExternalTrigConv L4 family is applicable
2022-08-18 19:57:05,989 [INFO] Rule:225 - rule Change Default Value for ADC ExternalTrigInjecConv L4 family is applicable
2022-08-18 19:57:05,989 [INFO] Rule:225 - rule Change Default Value for ADC ExternalTrigConv F3 family is applicable
2022-08-18 19:57:05,989 [INFO] Rule:225 - rule Change Default Value for ADC ExternalTrigInjecConv F3 family is applicable
2022-08-18 19:57:05,989 [INFO] Rule:225 - rule Change Default Value for ADC ExternalTrigConv Goldfish serie is applicable
2022-08-18 19:57:05,989 [INFO] Rule:225 - rule Change Default Value for ADC ExternalTrigInjecConv Goldfish serie is applicable
2022-08-18 19:57:05,989 [INFO] Rule:225 - rule Change Default Value for ADC ExternalTrigConv L0 family is applicable
2022-08-18 19:57:05,989 [INFO] Rule:225 - rule Change Default Value for ADC ExternalTrigConv F0 family is applicable
2022-08-18 19:57:05,989 [INFO] Rule:225 - rule Change Default Value for ADC ExternalTrigConvn L1 family is applicable
2022-08-18 19:57:05,990 [INFO] Rule:225 - rule Change Default Value for ADC ExternalTrigInjecConv L1 family is applicable
2022-08-18 19:57:05,990 [INFO] Rule:225 - rule Change Default Value for ADC ExternalTrigConv F1 family is applicable
2022-08-18 19:57:05,990 [INFO] Rule:225 - rule Change Default Value for ADC ExternalTrigInjecConv F1 family is applicable
2022-08-18 19:57:05,990 [INFO] Rule:225 - rule Change Default Value for ADC ExternalTrigConv F7 family is applicable
2022-08-18 19:57:05,990 [INFO] Rule:225 - rule Change Default Value for ADC ExternalTrigInjecConv F7 family is applicable
2022-08-18 19:57:05,990 [INFO] Rule:225 - rule Change Default Value for ADC ExternalTrigConv F4 and F2 family is applicable
2022-08-18 19:57:05,990 [INFO] Rule:225 - rule Change Default Value for ADC ExternalTrigInjecConv F4 and F2 family is applicable
2022-08-18 19:57:05,990 [INFO] Rule:225 - rule ADC SamplingTime fix with FW L0  is applicable
2022-08-18 19:57:05,990 [INFO] Rule:225 - rule ADC SamplingTime fix with FW L0  is applicable
2022-08-18 19:57:05,990 [INFO] Rule:225 - rule ADC SamplingTime fix with FW L0 is applicable
2022-08-18 19:57:05,990 [INFO] Rule:225 - rule ADC SamplingTime fix with FW L0 is applicable
2022-08-18 19:57:05,990 [INFO] Rule:225 - rule ADC SamplingTime fix with FW L0  is applicable
2022-08-18 19:57:05,991 [INFO] Rule:225 - rule ADC SamplingTime fix with FW L0 is applicable
2022-08-18 19:57:05,991 [INFO] Rule:225 - rule Rename USB_OE Signal is applicable
2022-08-18 19:57:05,991 [INFO] Rule:225 - rule Rename Activate_OE Mode is applicable
2022-08-18 19:57:05,991 [INFO] Rule:225 - rule Rename DIE462/DIE415 pin PC14/OSC32_IN -> PC14-OSC32_IN (PC14) is applicable
2022-08-18 19:57:05,991 [INFO] Rule:225 - rule Rename DIE462/DIE415 pin PC15/OSC32_OUT -> PC15-OSC32_OUT (PC15) is applicable
2022-08-18 19:57:05,991 [INFO] Rule:225 - rule Rename DIE462/DIE415 pin PH0/OSC_IN -> PH0-OSC_IN (PH0) is applicable
2022-08-18 19:57:05,991 [INFO] Rule:225 - rule Rename DIE462/DIE415 pin PH1/OSC_OUT -> PH1-OSC_OUT (PH1) is applicable
2022-08-18 19:57:05,991 [INFO] Rule:225 - rule Rename DIE462 pin PA13 -> PA13 (JTMS/SWDIO) is applicable
2022-08-18 19:57:05,991 [INFO] Rule:225 - rule Rename DIE415 pin PA13 -> PA13 (JTMS/SWDIO) is applicable
2022-08-18 19:57:05,991 [INFO] Rule:225 - rule Rename DIE462 pin PA14 -> PA14 (JTCK/SWCLK) is applicable
2022-08-18 19:57:05,991 [INFO] Rule:225 - rule Rename DIE415 pin PA14 -> PA14 (JTCK/SWCLK) is applicable
2022-08-18 19:57:05,992 [INFO] Rule:225 - rule Rename DIE462/DIE415 pin PA15 -> PA15 (JTDI) is applicable
2022-08-18 19:57:05,992 [INFO] Rule:225 - rule Rename DIE462 pin PB3 -> PB3 (JTD0/TRACESWO) is applicable
2022-08-18 19:57:05,992 [INFO] Rule:225 - rule Rename DIE415 pin PB3 -> PB3 (JTD0-TRACESWO) is applicable
2022-08-18 19:57:05,992 [INFO] Rule:225 - rule Rename DIE462/DIE415 pin PB4 -> PB4 (NJTRST) is applicable
2022-08-18 19:57:05,992 [INFO] Rule:225 - rule Rename DIE462 pin PH3/BOOT0 -> PH3-BOOT0 (BOOT0) is applicable
2022-08-18 19:57:05,992 [INFO] Rule:225 - rule Rename CRYP DataEncryptionTypesList to Algorithm is applicable
2022-08-18 19:57:05,992 [INFO] Rule:225 - rule Rename AES DataEncryptionTypesList to Algorithm is applicable
2022-08-18 19:57:05,992 [INFO] Rule:225 - rule Rename TDESECB to CRYP_TDES_ECB is applicable
2022-08-18 19:57:05,992 [INFO] Rule:225 - rule Rename TDESCBC to CRYP_TDES_CBC is applicable
2022-08-18 19:57:05,992 [INFO] Rule:225 - rule Rename DESECB to CRYP_DES_ECB is applicable
2022-08-18 19:57:05,993 [INFO] Rule:225 - rule Rename DESCBC to CRYP_DES_CBC is applicable
2022-08-18 19:57:05,993 [INFO] Rule:225 - rule Rename AESECB to CRYP_AES_ECB is applicable
2022-08-18 19:57:05,993 [INFO] Rule:225 - rule Rename AESCBC to CRYP_AES_CBC is applicable
2022-08-18 19:57:05,993 [INFO] Rule:225 - rule Rename AESCTR to CRYP_AES_CTR is applicable
2022-08-18 19:57:05,993 [INFO] Rule:225 - rule Rename AESGCM to CRYP_AES_GCM is applicable
2022-08-18 19:57:05,993 [INFO] Rule:225 - rule Rename AESCCM to CRYP_AES_CCM is applicable
2022-08-18 19:57:05,993 [INFO] Rule:225 - rule Rename CAN TimeSeg1 to BS1 is applicable
2022-08-18 19:57:05,993 [INFO] Rule:225 - rule Rename CAN TimeSeg2 to BS2 is applicable
2022-08-18 19:57:05,993 [INFO] Rule:225 - rule Rename CAN SyncJumpWidth to SJW is applicable
2022-08-18 19:57:05,993 [INFO] Rule:225 - rule TimeTriggeredMode to TTCM is applicable
2022-08-18 19:57:05,993 [INFO] Rule:225 - rule Rename CAN AutoBusOff to ABOM is applicable
2022-08-18 19:57:05,993 [INFO] Rule:225 - rule Rename CAN AutoWakeUp to AWUM is applicable
2022-08-18 19:57:05,993 [INFO] Rule:225 - rule Rename CAN AutoRetransmission to NART is applicable
2022-08-18 19:57:05,994 [INFO] Rule:225 - rule Rename CAN ReceiveFifoLocked to RFLM is applicable
2022-08-18 19:57:05,994 [INFO] Rule:225 - rule Rename CAN TransmitFifoPriority to TXFP is applicable
2022-08-18 19:57:05,994 [INFO] Rule:225 - rule Rename HRTIMER HRTIM_OUTPUTFAULTLEVEL_HIGH in HRTIMER HRTIM_OUTPUTFAULTLEVEL_HIGHZ is applicable
2022-08-18 19:57:05,994 [INFO] Rule:225 - rule Rename TIMER TIM_CLEARINPUTSOURCE_OCREFCLR in  TIMER TIM_CLEARINPUTSOURCE_NONE for F7 family is applicable
2022-08-18 19:57:05,994 [INFO] Rule:225 - rule FDCAN_R1 - Rename FDCAN mode Master into Classic is applicable
2022-08-18 19:57:05,994 [INFO] Rule:225 - rule FDCAN_R2 - Rename FDCAN mode Slave into Classic is applicable
2022-08-18 19:57:05,994 [INFO] Rule:225 - rule FDCAN1_R3 - if PA10.Mode=FullDuplex, add Pin PA12 is applicable
2022-08-18 19:57:05,994 [INFO] Rule:225 - rule FDCAN1_R3 - if PA9.Mode=FullDuplex, add Pin PA11 is applicable
2022-08-18 19:57:05,995 [INFO] Rule:225 - rule FDCAN1_R3 - Alternatepin_1 - if PE1.Mode=FullDuplex, add Pin PB9 is applicable
2022-08-18 19:57:05,995 [INFO] Rule:225 - rule FDCAN1_R3 - Alternatepin_1 - if PE0.Mode=FullDuplex, add Pin PB8 is applicable
2022-08-18 19:57:05,995 [INFO] Rule:225 - rule FDCAN1_R3 - Alternatepin_2 - if PD5.Mode=FullDuplex, add Pin PD1 is applicable
2022-08-18 19:57:05,995 [INFO] Rule:225 - rule FDCAN1_R3 - Alternatepin_2 - if PD4.Mode=FullDuplex, add Pin PD0 is applicable
2022-08-18 19:57:05,995 [INFO] Rule:225 - rule FDCAN1_R4 - Rename Mode FullDuplex into Enable FDCAN_TXFD for pin PA10 is applicable
2022-08-18 19:57:05,995 [INFO] Rule:225 - rule FDCAN1_R4 - Rename Mode FullDuplex into Enable FDCAN_TXFD for pin PA9 is applicable
2022-08-18 19:57:05,995 [INFO] Rule:225 - rule FDCAN1_R4 - Alternatepin_1 - Rename Mode FullDuplex into Enable FDCAN_TXFD for pin PE1 is applicable
2022-08-18 19:57:05,995 [INFO] Rule:225 - rule FDCAN1_R4 - Alternatepin_1 - Rename Mode FullDuplex into Enable FDCAN_TXFD for pin PE0 is applicable
2022-08-18 19:57:05,995 [INFO] Rule:225 - rule FDCAN1_R4 - Alternatepin_2 - Rename Mode FullDuplex into Enable FDCAN_TXFD for pin PD5 is applicable
2022-08-18 19:57:05,995 [INFO] Rule:225 - rule FDCAN1_R4 - Alternatepin_2 - Rename Mode FullDuplex into Enable FDCAN_TXFD for pin PD4 is applicable
2022-08-18 19:57:05,995 [INFO] Rule:225 - rule FDCAN2_R3 - if PD10.Mode=FullDuplex, add Pin PB13 is applicable
2022-08-18 19:57:05,995 [INFO] Rule:225 - rule FDCAN2_R3 - if PD9.Mode=FullDuplex, add Pin PB12 is applicable
2022-08-18 19:57:05,996 [INFO] Rule:225 - rule FDCAN2_R3 - Alternatepin_1 - if PB7.Mode=FullDuplex, add Pin PB6 is applicable
2022-08-18 19:57:05,996 [INFO] Rule:225 - rule FDCAN2_R3 - Alternatepin_1 - if PD9.Mode=FullDuplex, add Pin PB12 is applicable
2022-08-18 19:57:05,996 [INFO] Rule:225 - rule FDCAN2_R4 - Rename Mode FullDuplex into Enable FDCAN_TXFD for pin PD10 is applicable
2022-08-18 19:57:05,996 [INFO] Rule:225 - rule FDCAN2_R4 - Rename Mode FullDuplex into Enable FDCAN_TXFD for pin PD9 is applicable
2022-08-18 19:57:05,996 [INFO] Rule:225 - rule FDCAN2_R4 - Alternatepin_1 - Rename Mode FullDuplex into Enable FDCAN_TXFD for pin PB7 is applicable
2022-08-18 19:57:05,996 [INFO] Rule:225 - rule FDCAN2_R4 - Alternatepin_1 - Rename Mode FullDuplex into Enable FDCAN_TXFD for pin PD6 is applicable
2022-08-18 19:57:05,996 [INFO] Rule:225 - rule USART TxPinLevelInvertParam Mode is applicable
2022-08-18 19:57:05,996 [INFO] Rule:225 - rule USART RxPinLevelInvertParam Mode is applicable
2022-08-18 19:57:05,996 [INFO] Rule:225 - rule USART DataInvertParam Mode is applicable
2022-08-18 19:57:05,996 [INFO] Rule:225 - rule USART SwapParam Mode is applicable
2022-08-18 19:57:05,996 [INFO] Rule:225 - rule USART OverrunDisableParam Mode is applicable
2022-08-18 19:57:05,996 [INFO] Rule:225 - rule USART DMADisableonRxErrorParam Mode is applicable
2022-08-18 19:57:05,997 [INFO] Rule:225 - rule USART MSBFirstParam Mode is applicable
2022-08-18 19:57:05,997 [INFO] Rule:225 - rule Update MwName for USB_DEVICE is applicable
2022-08-18 19:57:05,997 [INFO] Rule:225 - rule Change PWR_Regulator_Voltage_Scale Default Value for RCC  H7 family is applicable
2022-08-18 19:57:05,997 [INFO] Rule:225 - rule UART/USART IPParameter rename Prescaler parameter to ClockPrescaler is applicable
2022-08-18 19:57:05,997 [INFO] Rule:225 - rule UART/USART Prescaler rename Prescaler parameter to ClockPrescaler is applicable
2022-08-18 19:57:05,997 [INFO] Rule:225 - rule TIM1CLockSelection is applicable
2022-08-18 19:57:05,997 [INFO] Rule:225 - rule TIM15CLockSelection is applicable
2022-08-18 19:57:05,997 [INFO] Rule:225 - rule align RCC SDMMC3CLockSelection default value on MP1 is applicable
2022-08-18 19:57:05,997 [INFO] Rule:225 - rule align RCC SDMMC12CLockSelection default value on MP1 is applicable
2022-08-18 19:57:05,997 [INFO] Rule:225 - rule align RCC QSPICLockSelection default value on MP1 is applicable
2022-08-18 19:57:05,997 [INFO] Rule:225 - rule align RCC QSPICLockSelection default value on MP1 is applicable
2022-08-18 19:57:05,997 [INFO] Rule:225 - rule align RCC SPI6CLockSelection default value on MP1 is applicable
2022-08-18 19:57:05,997 [INFO] Rule:225 - rule align RCC LPTIM23CLockSelection default value on MP1 is applicable
2022-08-18 19:57:05,998 [INFO] Rule:225 - rule align RCC LPTIM1CLockSelection default value on MP1 is applicable
2022-08-18 19:57:05,998 [INFO] Rule:225 - rule align RCC USART1CLockSelection default value on MP1 is applicable
2022-08-18 19:57:05,998 [INFO] Rule:225 - rule align RCC USART24CLockSelection default value on MP1 is applicable
2022-08-18 19:57:05,998 [INFO] Rule:225 - rule align RCC USART6CLockSelection default value on MP1 is applicable
2022-08-18 19:57:05,998 [INFO] Rule:225 - rule align RCC UART78CLockSelection default value on MP1 is applicable
2022-08-18 19:57:05,998 [INFO] Rule:225 - rule align RCC USART35CLockSelection default value on MP1 is applicable
2022-08-18 19:57:05,998 [INFO] Rule:225 - rule align RCC SPI45CLockSelection default value on MP1 is applicable
2022-08-18 19:57:05,998 [INFO] Rule:225 - rule align RCC I2C46CLockSelection BCLK value on MP1 is applicable
2022-08-18 19:57:05,998 [INFO] Rule:225 - rule align RCC SPI45CLockSelection default value on MP1 is applicable
2022-08-18 19:57:05,998 [INFO] Rule:225 - rule align RCC I2C12CLockSelection default value on MP1 is applicable
2022-08-18 19:57:05,998 [INFO] Rule:225 - rule align RCC I2C35CLockSelection default value on MP1 is applicable
2022-08-18 19:57:05,999 [INFO] Rule:225 - rule align RCC LPTIM45CLockSelection default value on MP1 is applicable
2022-08-18 19:57:05,999 [INFO] Rule:225 - rule Rename DCMI PIXCK signal is applicable
2022-08-18 19:57:05,999 [INFO] Rule:225 - rule Change Default Value for I2C46CLockSelection MP1 family is applicable
2022-08-18 19:57:05,999 [INFO] Rule:225 - rule Change Default Value for UART for G4, G0 and WB families is applicable
2022-08-18 19:57:05,999 [INFO] Rule:225 - rule Change Default Value for USART for G4, G0 and WB families is applicable
2022-08-18 19:57:05,999 [INFO] Rule:225 - rule Change Default Value for USART for G4 family is applicable
2022-08-18 19:57:05,999 [INFO] Rule:225 - rule Change USART1CLockSelection refparam name for MP1 is applicable
2022-08-18 19:57:05,999 [INFO] Rule:225 - rule Change USART2CLockSelection refparam name for MP1 is applicable
2022-08-18 19:57:05,999 [INFO] Rule:225 - rule Change USART3CLockSelection refparam name for MP1 is applicable
2022-08-18 19:57:05,999 [INFO] Rule:225 - rule Change UART4CLockSelection refparam name for MP1 is applicable
2022-08-18 19:57:05,999 [INFO] Rule:225 - rule Change UART5CLockSelection refparam name for MP1 is applicable
2022-08-18 19:57:05,999 [INFO] Rule:225 - rule Change LPUART1CLockSelection refparam name for MP1 is applicable
2022-08-18 19:57:05,999 [INFO] Rule:225 - rule Change LPTIM1CLockSelection refparam name for MP1 is applicable
2022-08-18 19:57:06,000 [INFO] Rule:225 - rule Change LPTIM2CLockSelection refparam name for MP1 is applicable
2022-08-18 19:57:06,000 [INFO] Rule:225 - rule Change RCC_MCO1Source refparam name for MP1 is applicable
2022-08-18 19:57:06,000 [INFO] Rule:225 - rule Change LSCOSource1 refparam name for MP1 is applicable
2022-08-18 19:57:06,000 [INFO] Rule:225 - rule Change SMPSCLockSelection refparam name for MP1 is applicable
2022-08-18 19:57:06,000 [INFO] Rule:225 - rule Change LPTIM3CLockSelection refparam name for MP1 is applicable
2022-08-18 19:57:06,000 [INFO] Rule:225 - rule Change MPCBB* Default Template Mode to Parameters is applicable
2022-08-18 19:57:06,000 [INFO] Rule:225 - rule Change MPCWM* or MPCBB* Secure Mode to Parameters is applicable
2022-08-18 19:57:06,000 [INFO] Rule:225 - rule Change MPCWM* or MPCBB* No Secure Mode to Parameters is applicable
2022-08-18 19:57:06,000 [INFO] Rule:225 - rule Change TZSC IP Secure Mode to Parameters is applicable
2022-08-18 19:57:06,000 [INFO] Rule:225 - rule Change TZSC IP No Secure Mode to Parameters is applicable
2022-08-18 19:57:06,000 [INFO] Rule:225 - rule Change TZSC IP Privilege Mode to Parameters is applicable
2022-08-18 19:57:06,000 [INFO] Rule:225 - rule Change TZSC IP No Privilege Mode to Parameters is applicable
2022-08-18 19:57:06,001 [INFO] Rule:225 - rule Change TZIC IT Secure Mode to Parameters is applicable
2022-08-18 19:57:06,001 [INFO] Rule:225 - rule Change TZIC IT No Secure Mode to Parameters is applicable
2022-08-18 19:57:06,001 [INFO] Rule:225 - rule Add MPCBB1_NonSecureArea_Start_Address value with referenced to MPCBB1_NonSecureArea_Start value is applicable
2022-08-18 19:57:06,001 [INFO] Rule:225 - rule Add MPCBB2_NonSecureArea_Start_Address value with referenced to MPCBB2_NonSecureArea_Start value is applicable
2022-08-18 19:57:06,001 [INFO] Rule:225 - rule Add MPCWM1_NonSecureArea*_Start_Address value with referenced to MPCWM1_NonSecureArea*_Start value is applicable
2022-08-18 19:57:06,001 [INFO] Rule:225 - rule Add MPCWM2_NonSecureArea*_Start_Address value with referenced to MPCWM2_NonSecureArea*_Start value is applicable
2022-08-18 19:57:06,001 [INFO] Rule:225 - rule Add MPCWM3_NonSecureArea_Start_Address value with referenced to MPCWM3_NonSecureArea_Start value is applicable
2022-08-18 19:57:06,001 [INFO] Rule:225 - rule Change Default Value for PLL1UserDefinedConfig is applicable
2022-08-18 19:57:06,001 [INFO] Rule:225 - rule Change GPIO_PuPd Default Value for USART in async mode is applicable
2022-08-18 19:57:06,001 [INFO] Rule:225 - rule Change SMPSDivider Default Value is applicable
2022-08-18 19:57:06,001 [INFO] Rule:225 - rule OPAMP is applicable
2022-08-18 19:57:06,001 [INFO] Rule:225 - rule LPUART IPParameter rename Prescaler parameter to ClockPrescaler for STM32H7 is applicable
2022-08-18 19:57:06,001 [INFO] Rule:225 - rule LPUART IPParameter rename Prescaler parameter to ClockPrescaler for STM32H7 is applicable
2022-08-18 19:57:06,002 [INFO] Rule:225 - rule LPUART IPParameter rename Prescaler parameter to ClockPrescaler for STM32WB is applicable
2022-08-18 19:57:06,002 [INFO] Rule:225 - rule LPUART IPParameter rename Prescaler parameter to ClockPrescaler for STM32WB is applicable
2022-08-18 19:57:06,002 [INFO] Rule:225 - rule LPUART IPParameter rename Prescaler parameter to ClockPrescaler for STM32G4 is applicable
2022-08-18 19:57:06,002 [INFO] Rule:225 - rule LPUART IPParameter rename Prescaler parameter to ClockPrescaler for STM32G4 is applicable
2022-08-18 19:57:06,002 [INFO] Rule:225 - rule LPUART IPParameter rename Prescaler parameter to ClockPrescaler for STM32L5 is applicable
2022-08-18 19:57:06,002 [INFO] Rule:225 - rule LPUART IPParameter rename Prescaler parameter to ClockPrescaler for STM32L5 is applicable
2022-08-18 19:57:06,002 [INFO] Rule:225 - rule LPUART IPParameter rename Prescaler parameter to ClockPrescaler for STM32G4 is applicable
2022-08-18 19:57:06,002 [INFO] Rule:225 - rule LPUART IPParameter rename Prescaler parameter to ClockPrescaler for STM32G4 is applicable
2022-08-18 19:57:06,002 [INFO] Rule:225 - rule USB device lib V2.5.3 for L0 rename USBD_SUPPORT_USER_STRING parameter to USBD_SUPPORT_USER_STRING_DESC4 is applicable
2022-08-18 19:57:06,002 [INFO] Rule:225 - rule I2SCLockSelection clock entry align is applicable
2022-08-18 19:57:06,002 [INFO] Rule:225 - rule Assign TIMx context if used as SYS timebase is applicable
2022-08-18 19:57:06,002 [INFO] Rule:225 - rule Change GPIO_Pu Default Value for I2C is applicable
2022-08-18 19:57:06,003 [INFO] Rule:225 - rule Change GPIO_Pu Default Value for SMBus is applicable
2022-08-18 19:57:06,003 [INFO] Rule:225 - rule change FDCAN default value is applicable
2022-08-18 19:57:06,003 [INFO] Rule:225 - rule Change mode sai is applicable
2022-08-18 19:57:06,003 [INFO] Rule:225 - rule **Change sai mode is applicable
2022-08-18 19:57:06,042 [INFO] DbConfProperties:305 - Apply Compatibility (71/278 Rules)
2022-08-18 19:57:06,093 [INFO] ImportTextPane:193 - (OptionalMessage_ERROR) Unable to find key (Mcu.ThirdPartyNb) in loaded IOC file
2022-08-18 19:57:06,231 [INFO] RtosManager:488 - Registered RTOS mode: class=CMSIS, group=RTOS, mode=CMSIS_V1, owner=FREERTOS
2022-08-18 19:57:06,231 [INFO] RtosManager:488 - Registered RTOS mode: class=CMSIS, group=RTOS2, mode=CMSIS_V2, owner=FREERTOS
2022-08-18 19:57:06,231 [INFO] RtosManager:488 - Registered RTOS mode: class=RTOS, group=Core, mode=CMSIS_V1, owner=FREERTOS
2022-08-18 19:57:06,231 [INFO] RtosManager:488 - Registered RTOS mode: class=RTOS, group=Core, mode=CMSIS_V2, owner=FREERTOS
2022-08-18 19:57:06,232 [WARN] ModelIntegratedComponent:185 - Missing modes for component STMicroelectronics:FreeRTOS:0.0.1:STMicroelectronics:RTOS:FreeRTOS:Core:::10.2.0:
2022-08-18 19:57:06,240 [WARN] ModelIntegratedComponent:64 - No mode defined for component null
2022-08-18 19:57:06,241 [WARN] ModelIntegratedComponent:64 - No mode defined for component null
2022-08-18 19:57:06,241 [WARN] ModelIntegratedComponent:64 - No mode defined for component null
2022-08-18 19:57:06,241 [WARN] ModelIntegratedComponent:64 - No mode defined for component null
2022-08-18 19:57:06,241 [WARN] ModelIntegratedComponent:64 - No mode defined for component null
2022-08-18 19:57:06,241 [WARN] ModelIntegratedComponent:64 - No mode defined for component null
2022-08-18 19:57:06,241 [WARN] ModelIntegratedComponent:64 - No mode defined for component null
2022-08-18 19:57:06,241 [WARN] ModelIntegratedComponent:64 - No mode defined for component null
2022-08-18 19:57:06,241 [WARN] ModelIntegratedComponent:64 - No mode defined for component null
2022-08-18 19:57:06,241 [WARN] ModelIntegratedComponent:64 - No mode defined for component null
2022-08-18 19:57:06,241 [WARN] ModelIntegratedComponent:64 - No mode defined for component null
2022-08-18 19:57:06,242 [WARN] ModelIntegratedComponent:64 - No mode defined for component null
2022-08-18 19:57:06,242 [WARN] ModelIntegratedComponent:64 - No mode defined for component null
2022-08-18 19:57:06,242 [WARN] ModelIntegratedComponent:64 - No mode defined for component null
2022-08-18 19:57:06,242 [WARN] ModelIntegratedComponent:64 - No mode defined for component null
2022-08-18 19:57:06,242 [WARN] ModelIntegratedComponent:64 - No mode defined for component null
2022-08-18 19:57:06,242 [WARN] ModelIntegratedComponent:64 - No mode defined for component null
2022-08-18 19:57:06,242 [WARN] ModelIntegratedComponent:64 - No mode defined for component null
2022-08-18 19:57:06,242 [WARN] ModelIntegratedComponent:64 - No mode defined for component null
2022-08-18 19:57:06,243 [WARN] ModelIntegratedComponent:64 - No mode defined for component null
2022-08-18 19:57:06,243 [WARN] ModelIntegratedComponent:64 - No mode defined for component null
2022-08-18 19:57:06,243 [WARN] ModelIntegratedComponent:64 - No mode defined for component null
2022-08-18 19:57:06,243 [WARN] ModelIntegratedComponent:64 - No mode defined for component null
2022-08-18 19:57:06,243 [WARN] ModelIntegratedComponent:64 - No mode defined for component null
2022-08-18 19:57:06,243 [WARN] ModelIntegratedComponent:64 - No mode defined for component null
2022-08-18 19:57:06,244 [WARN] ModelIntegratedComponent:64 - No mode defined for component null
2022-08-18 19:57:06,244 [WARN] ModelIntegratedComponent:64 - No mode defined for component null
2022-08-18 19:57:06,244 [WARN] ModelIntegratedComponent:64 - No mode defined for component null
2022-08-18 19:57:06,244 [WARN] ModelIntegratedComponent:64 - No mode defined for component null
2022-08-18 19:57:06,244 [WARN] ModelIntegratedComponent:64 - No mode defined for component null
2022-08-18 19:57:06,245 [WARN] ModelIntegratedComponent:64 - No mode defined for component null
2022-08-18 19:57:06,245 [WARN] ModelIntegratedComponent:64 - No mode defined for component null
2022-08-18 19:57:06,245 [WARN] ModelIntegratedComponent:64 - No mode defined for component null
2022-08-18 19:57:06,590 [WARN] ApiManager:308 - Cannot register API 'Board Extension:IKS01A3' from pack STMicroelectronics.X-CUBE-MEMS1.9.3.0: no header file found
2022-08-18 19:57:06,591 [WARN] ApiManager:308 - Cannot register API 'Board Extension:IKS01A2' from pack STMicroelectronics.X-CUBE-MEMS1.9.3.0: no header file found
2022-08-18 19:57:06,591 [WARN] ApiManager:308 - Cannot register API 'Board Extension:IKS02A1' from pack STMicroelectronics.X-CUBE-MEMS1.9.3.0: no header file found
2022-08-18 19:57:06,619 [INFO] ThirdPartyModel:289 - Start build external matchings
2022-08-18 19:57:06,780 [INFO] ThirdPartyModel:302 - End build external matchings
2022-08-18 19:57:06,795 [INFO] ImportTextPane:193 - (OptionalMessage_ERROR) IP (RCC) : Invalid parameter (LPUARTFreq_Value)
2022-08-18 19:57:06,796 [INFO] ImportTextPane:193 - (OptionalMessage_ERROR) IP (RCC) : Invalid parameter (FamilyName)
2022-08-18 19:57:06,796 [INFO] ImportTextPane:193 - (OptionalMessage_ERROR) IP (RCC) : Invalid parameter (PLLCLKFreq_Value)
2022-08-18 19:57:06,796 [INFO] ImportTextPane:193 - (OptionalMessage_ERROR) IP (RCC) : Invalid parameter (RTCHSEDivFreq_Value)
2022-08-18 19:57:06,796 [INFO] ImportTextPane:193 - (OptionalMessage_ERROR) IP (RCC) : Invalid parameter (LPTIMFreq_Value)
2022-08-18 19:57:06,797 [INFO] ImportTextPane:193 - (OptionalMessage_ERROR) IP (RCC) : Invalid parameter (TIMFreq_Value)
2022-08-18 19:57:06,797 [INFO] ImportTextPane:193 - (OptionalMessage_ERROR) IP (RCC) : Invalid parameter (HSI16_VALUE)
2022-08-18 19:57:06,798 [INFO] ImportTextPane:193 - (OptionalMessage_ERROR) IP (RCC) : Invalid parameter (48CLKFreq_Value)
2022-08-18 19:57:06,798 [INFO] ImportTextPane:193 - (OptionalMessage_ERROR) IP (RCC) : Invalid parameter (PLLMUL)
2022-08-18 19:57:06,798 [INFO] ImportTextPane:193 - (OptionalMessage_ERROR) IP (RCC) : Invalid parameter (TimerFreq_Value)
2022-08-18 19:57:06,799 [INFO] ImportTextPane:193 - (OptionalMessage_ERROR) IP (RCC) : Invalid parameter (MCOPinFreq_Value)
2022-08-18 19:57:07,184 [INFO] UtilMem:74 - End LoadConfig() Used Memory: 350161312 Bytes (753926144)
2022-08-18 19:57:07,298 [WARN] ThirdParty:789 - waiting for thirdparty lock release [change project]
2022-08-18 19:57:07,298 [INFO] ThirdParty:791 - entering critical section [change project]
2022-08-18 19:57:07,298 [INFO] ThirdParty:981 - CMSIS Pack Vendor :STMicroelectronics ThreadX 1.0.0
2022-08-18 19:57:07,298 [INFO] ThirdParty:981 - CMSIS Pack Vendor :STMicroelectronics USB_HOST 2.0.0
2022-08-18 19:57:07,298 [INFO] ThirdParty:981 - CMSIS Pack Vendor :STMicroelectronics X-CUBE-AZRTOS-F4 1.1.0
2022-08-18 19:57:07,298 [INFO] ThirdParty:981 - CMSIS Pack Vendor :STMicroelectronics LIBJPEG 8.0.0
2022-08-18 19:57:07,298 [INFO] ThirdParty:981 - CMSIS Pack Vendor :STMicroelectronics FreeRTOS 0.0.1
2022-08-18 19:57:07,299 [INFO] ThirdParty:981 - CMSIS Pack Vendor :STMicroelectronics USB_DEVICE 1.0.0
2022-08-18 19:57:07,299 [INFO] ThirdParty:981 - CMSIS Pack Vendor :STMicroelectronics STM32_WPAN 1.0.0
2022-08-18 19:57:07,299 [INFO] ThirdParty:981 - CMSIS Pack Vendor :STMicroelectronics USB_DEVICE 3.0.0
2022-08-18 19:57:07,299 [INFO] ThirdParty:981 - CMSIS Pack Vendor :STMicroelectronics HAL Drivers 0.0.0
2022-08-18 19:57:07,299 [INFO] ThirdParty:981 - CMSIS Pack Vendor :STMicroelectronics MBEDTLS 2.16.2
2022-08-18 19:57:07,299 [INFO] ThirdParty:981 - CMSIS Pack Vendor :STMicroelectronics ThreadX 0.0.2
2022-08-18 19:57:07,299 [INFO] ThirdParty:981 - CMSIS Pack Vendor :STMicroelectronics lwIP 2.0.3
2022-08-18 19:57:07,299 [INFO] ThirdParty:981 - CMSIS Pack Vendor :STMicroelectronics lwIP 2.1.2
2022-08-18 19:57:07,299 [INFO] ThirdParty:981 - CMSIS Pack Vendor :STMicroelectronics MBEDTLS 2.14.1
2022-08-18 19:57:07,299 [INFO] ThirdParty:981 - CMSIS Pack Vendor :STMicroelectronics USB_HOST 1.0.0
2022-08-18 19:57:07,299 [INFO] ThirdParty:981 - CMSIS Pack Vendor :STMicroelectronics PDM2PCM 3.1.0
2022-08-18 19:57:07,299 [INFO] ThirdParty:981 - CMSIS Pack Vendor :STMicroelectronics X-CUBE-MEMS1 9.3.0
2022-08-18 19:57:07,299 [INFO] ThirdParty:981 - CMSIS Pack Vendor :STMicroelectronics PDM2PCM 3.2.0
2022-08-18 19:57:07,299 [INFO] ThirdParty:981 - CMSIS Pack Vendor :STMicroelectronics USB_DEVICE 2.0.0
2022-08-18 19:57:07,299 [INFO] ThirdParty:981 - CMSIS Pack Vendor :STMicroelectronics PDM2PCM 3.3.0
2022-08-18 19:57:07,304 [INFO] ThirdParty:981 - CMSIS Pack Vendor :STMicroelectronics X-CUBE-ISPU 1.0.0
2022-08-18 19:57:07,304 [INFO] ThirdParty:797 - exiting critical section [change project]
2022-08-18 19:57:07,857 [INFO] PinOutPanel:1468 - setPackage(No Configuration,No Configuration)
2022-08-18 19:57:07,862 [INFO] PinOutPanel:1468 - setPackage(STM32L432KCUx,UFQFPN32)
2022-08-18 19:57:08,886 [INFO] UtilMem:74 - Before build in PCC Used Memory: 561451424 Bytes (753926144)
2022-08-18 19:57:10,847 [INFO] UtilMem:74 - After build in PCC Used Memory: 406747136 Bytes (753926144)
2022-08-18 19:57:10,894 [INFO] IPUIPlugin:79 - create IPUIPlugin
2022-08-18 19:57:10,895 [INFO] IPUIPlugin:79 - create IPUIPlugin
2022-08-18 19:57:10,895 [INFO] IPUIPlugin:79 - create IPUIPlugin
2022-08-18 19:57:10,895 [INFO] IPUIPlugin:79 - create IPUIPlugin
2022-08-18 19:57:10,896 [INFO] IPUIPlugin:79 - create IPUIPlugin
2022-08-18 19:57:10,896 [INFO] IPUIPlugin:79 - create IPUIPlugin
2022-08-18 19:57:10,897 [INFO] IPUIPlugin:79 - create IPUIPlugin
2022-08-18 19:57:10,898 [INFO] IPUIPlugin:79 - create IPUIPlugin
2022-08-18 19:57:10,898 [INFO] IPUIPlugin:79 - create IPUIPlugin
2022-08-18 19:57:10,898 [INFO] IPUIPlugin:79 - create IPUIPlugin
2022-08-18 19:57:10,899 [INFO] IPUIPlugin:79 - create IPUIPlugin
2022-08-18 19:57:10,899 [INFO] IPUIPlugin:79 - create IPUIPlugin
2022-08-18 19:57:10,899 [INFO] IPUIPlugin:79 - create IPUIPlugin
2022-08-18 19:57:10,900 [INFO] IPUIPlugin:79 - create IPUIPlugin
2022-08-18 19:57:10,900 [INFO] IPUIPlugin:79 - create IPUIPlugin
2022-08-18 19:57:10,900 [INFO] IPUIPlugin:79 - create IPUIPlugin
2022-08-18 19:57:10,901 [INFO] IPUIPlugin:79 - create IPUIPlugin
2022-08-18 19:57:10,901 [INFO] IPUIPlugin:79 - create IPUIPlugin
2022-08-18 19:57:10,901 [INFO] IPUIPlugin:79 - create IPUIPlugin
2022-08-18 19:57:10,902 [INFO] IPUIPlugin:79 - create IPUIPlugin
2022-08-18 19:57:10,902 [INFO] IPUIPlugin:79 - create IPUIPlugin
2022-08-18 19:57:10,902 [INFO] IPUIPlugin:79 - create IPUIPlugin
2022-08-18 19:57:10,903 [INFO] IPUIPlugin:79 - create IPUIPlugin
2022-08-18 19:57:10,903 [INFO] IPUIPlugin:79 - create IPUIPlugin
2022-08-18 19:57:10,903 [INFO] IPUIPlugin:79 - create IPUIPlugin
2022-08-18 19:57:10,903 [INFO] IPUIPlugin:79 - create IPUIPlugin
2022-08-18 19:57:10,904 [INFO] IPUIPlugin:79 - create IPUIPlugin
2022-08-18 19:57:10,904 [INFO] IPUIPlugin:79 - create IPUIPlugin
2022-08-18 19:57:10,905 [INFO] IPUIPlugin:79 - create IPUIPlugin
2022-08-18 19:57:10,905 [INFO] IPUIPlugin:79 - create IPUIPlugin
2022-08-18 19:57:10,905 [INFO] IPUIPlugin:79 - create IPUIPlugin
2022-08-18 19:57:10,906 [INFO] IPUIPlugin:79 - create IPUIPlugin
2022-08-18 19:57:10,906 [INFO] IPUIPlugin:79 - create IPUIPlugin
2022-08-18 19:57:10,907 [INFO] IPUIPlugin:79 - create IPUIPlugin
2022-08-18 19:57:10,907 [INFO] IPUIPlugin:79 - create IPUIPlugin
2022-08-18 19:57:10,907 [INFO] IPUIPlugin:79 - create IPUIPlugin
2022-08-18 19:57:10,908 [INFO] IPUIPlugin:79 - create IPUIPlugin
2022-08-18 19:57:10,908 [INFO] IPUIPlugin:79 - create IPUIPlugin
2022-08-18 19:57:10,909 [INFO] IPUIPlugin:79 - create IPUIPlugin
2022-08-18 19:57:10,909 [INFO] IPUIPlugin:79 - create IPUIPlugin
2022-08-18 19:57:10,910 [INFO] IPUIPlugin:79 - create IPUIPlugin
2022-08-18 19:57:11,569 [INFO] OpenFileManager:327 - Restore cursor
2022-08-18 19:57:14,287 [INFO] UtilMem:74 - End SaveConfig() Used Memory: 531527680 Bytes (753926144)
2022-08-18 19:57:14,458 [INFO] UtilMem:74 - End SaveConfig() Used Memory: 543588352 Bytes (753926144)
2022-08-18 19:57:15,387 [INFO] BlockDiagram:2753 - set Specific Code input for plugin: NVIC
2022-08-18 19:57:15,388 [INFO] BlockDiagram:2753 - set Specific Code input for plugin: USART
2022-08-18 19:57:15,388 [INFO] BlockDiagram:2753 - set Specific Code input for plugin: SYS
2022-08-18 19:57:15,390 [INFO] BlockDiagram:2753 - set Specific Code input for plugin: GPIO
2022-08-18 19:57:15,390 [INFO] BlockDiagram:2753 - set Specific Code input for plugin: RCC
2022-08-18 19:57:15,392 [INFO] CodeGenerator:690 - code generatio: config db path: C:\ST\STM32CubeIDE_1.10.1\STM32CubeIDE\plugins\com.st.stm32cube.common.mx_6.6.1.202207061420\\db\
2022-08-18 19:57:16,357 [INFO] CodeEngine:245 - oldGeneratedFile, D:\Semester 2\ProjectE_448\Skripsie Workspace\STM32L4\river_sense\MXTmpFiles\license.tmp_save
2022-08-18 19:57:17,018 [INFO] CodeEngine:269 - Generated code: D:\Semester 2\ProjectE_448\Skripsie Workspace\STM32L4\river_sense\MXTmpFiles\license.tmp
2022-08-18 19:57:17,293 [INFO] CodeEngine:245 - oldGeneratedFile, D:\Semester 2\ProjectE_448\Skripsie Workspace\STM32L4\river_sense\MXTmpFiles\gpio.tmp_save
2022-08-18 19:57:17,566 [INFO] CodeEngine:269 - Generated code: D:\Semester 2\ProjectE_448\Skripsie Workspace\STM32L4\river_sense\MXTmpFiles\gpio.tmp
2022-08-18 19:57:17,989 [INFO] CodeEngine:245 - oldGeneratedFile, D:\Semester 2\ProjectE_448\Skripsie Workspace\STM32L4\river_sense\Core\Src\stm32l4xx_it.c_save
2022-08-18 19:57:18,273 [INFO] CodeEngine:269 - Generated code: D:\Semester 2\ProjectE_448\Skripsie Workspace\STM32L4\river_sense\Core\Src\stm32l4xx_it.c
2022-08-18 19:57:18,290 [INFO] CodeEngine:245 - oldGeneratedFile, D:\Semester 2\ProjectE_448\Skripsie Workspace\STM32L4\river_sense\Core\Inc\stm32l4xx_it.h_save
2022-08-18 19:57:18,482 [INFO] CodeEngine:269 - Generated code: D:\Semester 2\ProjectE_448\Skripsie Workspace\STM32L4\river_sense\Core\Inc\stm32l4xx_it.h
2022-08-18 19:57:18,577 [INFO] CodeEngine:245 - oldGeneratedFile, D:\Semester 2\ProjectE_448\Skripsie Workspace\STM32L4\river_sense\Core\Src\stm32l4xx_hal_msp.c_save
2022-08-18 19:57:18,812 [INFO] CodeEngine:269 - Generated code: D:\Semester 2\ProjectE_448\Skripsie Workspace\STM32L4\river_sense\Core\Src\stm32l4xx_hal_msp.c
2022-08-18 19:57:18,827 [INFO] CodeEngine:245 - oldGeneratedFile, D:\Semester 2\ProjectE_448\Skripsie Workspace\STM32L4\river_sense\MXTmpFiles\system.tmp_save
2022-08-18 19:57:18,953 [INFO] CodeEngine:269 - Generated code: D:\Semester 2\ProjectE_448\Skripsie Workspace\STM32L4\river_sense\MXTmpFiles\system.tmp
2022-08-18 19:57:19,051 [INFO] CodeEngine:245 - oldGeneratedFile, D:\Semester 2\ProjectE_448\Skripsie Workspace\STM32L4\river_sense\Core\Inc\stm32l4xx_hal_conf.h_save
2022-08-18 19:57:19,262 [INFO] CodeEngine:269 - Generated code: D:\Semester 2\ProjectE_448\Skripsie Workspace\STM32L4\river_sense\Core\Inc\stm32l4xx_hal_conf.h
2022-08-18 19:57:19,455 [INFO] CodeEngine:245 - oldGeneratedFile, D:\Semester 2\ProjectE_448\Skripsie Workspace\STM32L4\river_sense\Core\Inc\main.h_save
2022-08-18 19:57:19,642 [INFO] CodeEngine:269 - Generated code: D:\Semester 2\ProjectE_448\Skripsie Workspace\STM32L4\river_sense\Core\Inc\main.h
2022-08-18 19:57:19,672 [INFO] CodeEngine:245 - oldGeneratedFile, D:\Semester 2\ProjectE_448\Skripsie Workspace\STM32L4\river_sense\Core\Src\main.c_save
2022-08-18 19:57:19,977 [INFO] CodeEngine:269 - Generated code: D:\Semester 2\ProjectE_448\Skripsie Workspace\STM32L4\river_sense\Core\Src\main.c
2022-08-18 19:57:23,490 [INFO] ProjectBuilder:2919 - Time for Copy HAL[1] : 2233mS.
2022-08-18 19:57:23,523 [INFO] ProjectBuilder:4117 - Project Generator version: 3.17.1
2022-08-18 19:57:23,875 [INFO] ConfigFileManager:1394 - The Die is : DIE435
2022-08-18 19:57:23,898 [INFO] ApiDbMcu:505 - Load IP Config File for FATFS
2022-08-18 19:57:23,914 [INFO] ApiDbMcu:505 - Load IP Config File for FREERTOS
2022-08-18 19:57:23,942 [INFO] ApiDbMcu:505 - Load IP Config File for TOUCHSENSING
2022-08-18 19:57:23,964 [INFO] ApiDbMcu:505 - Load IP Config File for USB_DEVICE
2022-08-18 19:57:33,824 [INFO] ProjectBuilder:4285 - Time for Generating toolchain IDE Files: 10300mS.
2022-08-18 19:57:33,827 [INFO] ProjectBuilder:2790 - Time for Copy CMSIS : 1mS.
2022-08-18 19:57:33,831 [INFO] ProjectBuilder:2790 - Time for Copy CMSIS : 1mS.
2022-08-18 19:57:36,035 [INFO] McuFinderGlobals:57 - Set McuFinderConnectedMode to true
2022-08-18 19:57:36,042 [INFO] ApiDb:443 - Save user favorites file C:\Users\benjr/.stm32cubeide/favorites.mcus.txt: 0 item(s)
2022-08-18 19:57:36,042 [INFO] ApiDb:447 - User favorites MCUs=[]
2022-08-18 19:57:36,044 [INFO] ApiDb:443 - Save user favorites file C:\Users\benjr/.stm32cubeide/favorites.boards.txt: 0 item(s)
2022-08-18 19:57:36,044 [INFO] ApiDb:447 - User favorites Boards=[]
2022-08-18 19:58:04,605 [INFO] UtilMem:74 - End SaveConfig() Used Memory: 270025752 Bytes (709885952)
2022-08-18 19:58:05,650 [INFO] BlockDiagram:2753 - set Specific Code input for plugin: NVIC
2022-08-18 19:58:05,650 [INFO] BlockDiagram:2753 - set Specific Code input for plugin: USART
2022-08-18 19:58:05,650 [INFO] BlockDiagram:2753 - set Specific Code input for plugin: SYS
2022-08-18 19:58:05,650 [INFO] BlockDiagram:2753 - set Specific Code input for plugin: GPIO
2022-08-18 19:58:05,650 [INFO] BlockDiagram:2753 - set Specific Code input for plugin: RCC
2022-08-18 19:58:05,651 [INFO] CodeGenerator:690 - code generatio: config db path: C:\ST\STM32CubeIDE_1.10.1\STM32CubeIDE\plugins\com.st.stm32cube.common.mx_6.6.1.202207061420\\db\
2022-08-18 19:58:06,098 [INFO] CodeEngine:245 - oldGeneratedFile, D:\Semester 2\ProjectE_448\Skripsie Workspace\STM32L4\river_sense\MXTmpFiles\license.tmp_save
2022-08-18 19:58:06,274 [INFO] CodeEngine:269 - Generated code: D:\Semester 2\ProjectE_448\Skripsie Workspace\STM32L4\river_sense\MXTmpFiles\license.tmp
2022-08-18 19:58:06,402 [INFO] CodeEngine:245 - oldGeneratedFile, D:\Semester 2\ProjectE_448\Skripsie Workspace\STM32L4\river_sense\MXTmpFiles\gpio.tmp_save
2022-08-18 19:58:06,563 [INFO] CodeEngine:269 - Generated code: D:\Semester 2\ProjectE_448\Skripsie Workspace\STM32L4\river_sense\MXTmpFiles\gpio.tmp
2022-08-18 19:58:06,805 [INFO] CodeEngine:245 - oldGeneratedFile, D:\Semester 2\ProjectE_448\Skripsie Workspace\STM32L4\river_sense\Core\Src\stm32l4xx_it.c_save
2022-08-18 19:58:06,973 [INFO] CodeEngine:269 - Generated code: D:\Semester 2\ProjectE_448\Skripsie Workspace\STM32L4\river_sense\Core\Src\stm32l4xx_it.c
2022-08-18 19:58:06,987 [INFO] CodeEngine:245 - oldGeneratedFile, D:\Semester 2\ProjectE_448\Skripsie Workspace\STM32L4\river_sense\Core\Inc\stm32l4xx_it.h_save
2022-08-18 19:58:07,135 [INFO] CodeEngine:269 - Generated code: D:\Semester 2\ProjectE_448\Skripsie Workspace\STM32L4\river_sense\Core\Inc\stm32l4xx_it.h
2022-08-18 19:58:07,237 [INFO] CodeEngine:245 - oldGeneratedFile, D:\Semester 2\ProjectE_448\Skripsie Workspace\STM32L4\river_sense\Core\Src\stm32l4xx_hal_msp.c_save
2022-08-18 19:58:07,427 [INFO] CodeEngine:269 - Generated code: D:\Semester 2\ProjectE_448\Skripsie Workspace\STM32L4\river_sense\Core\Src\stm32l4xx_hal_msp.c
2022-08-18 19:58:07,439 [INFO] CodeEngine:245 - oldGeneratedFile, D:\Semester 2\ProjectE_448\Skripsie Workspace\STM32L4\river_sense\MXTmpFiles\system.tmp_save
2022-08-18 19:58:07,566 [INFO] CodeEngine:269 - Generated code: D:\Semester 2\ProjectE_448\Skripsie Workspace\STM32L4\river_sense\MXTmpFiles\system.tmp
2022-08-18 19:58:07,643 [INFO] CodeEngine:245 - oldGeneratedFile, D:\Semester 2\ProjectE_448\Skripsie Workspace\STM32L4\river_sense\Core\Inc\stm32l4xx_hal_conf.h_save
2022-08-18 19:58:07,823 [INFO] CodeEngine:269 - Generated code: D:\Semester 2\ProjectE_448\Skripsie Workspace\STM32L4\river_sense\Core\Inc\stm32l4xx_hal_conf.h
2022-08-18 19:58:07,969 [INFO] CodeEngine:245 - oldGeneratedFile, D:\Semester 2\ProjectE_448\Skripsie Workspace\STM32L4\river_sense\Core\Inc\main.h_save
2022-08-18 19:58:08,101 [INFO] CodeEngine:269 - Generated code: D:\Semester 2\ProjectE_448\Skripsie Workspace\STM32L4\river_sense\Core\Inc\main.h
2022-08-18 19:58:08,133 [INFO] CodeEngine:245 - oldGeneratedFile, D:\Semester 2\ProjectE_448\Skripsie Workspace\STM32L4\river_sense\Core\Src\main.c_save
2022-08-18 19:58:08,335 [INFO] CodeEngine:269 - Generated code: D:\Semester 2\ProjectE_448\Skripsie Workspace\STM32L4\river_sense\Core\Src\main.c
2022-08-18 19:58:10,681 [INFO] ProjectBuilder:2919 - Time for Copy HAL[1] : 1397mS.
2022-08-18 19:58:10,689 [INFO] ProjectBuilder:4117 - Project Generator version: 3.17.1
2022-08-18 19:58:11,010 [INFO] ConfigFileManager:1394 - The Die is : DIE435
2022-08-18 19:58:14,104 [INFO] ProjectBuilder:4285 - Time for Generating toolchain IDE Files: 3415mS.
2022-08-18 19:58:14,105 [INFO] ProjectBuilder:2790 - Time for Copy CMSIS : 1mS.
2022-08-18 19:58:14,264 [INFO] ProjectBuilder:2790 - Time for Copy CMSIS : 0mS.
